Start
FOR.SETCOUNTER
SetBlock.0.IF.THEN.0.FOR.0.IF.THEN.0.IF.THEN
SetBlock.0.IF.THEN.0.FOR.0.IF.THEN
SetBlock.0.IF.THEN.0.FOR
FOR.SETCOUNTER
SetBlock.0.IF.THEN.0.FOR.0.IF.THEN.0.IF.THEN
SetBlock.0.IF.THEN.0.FOR.0.IF.THEN
SetBlock.0.IF.THEN.0.FOR
FOR.SETCOUNTER
SetBlock.0.IF.THEN.0.FOR.0.IF.THEN.0.IF.THEN
SetBlock.0.IF.THEN.0.FOR.0.IF.THEN
SetBlock.0.IF.THEN.0.FOR
FOR.SETCOUNTER
SetBlock.0.IF.THEN.0.FOR.0.IF.THEN.0.IF.THEN
SetBlock.0.IF.THEN.0.FOR.0.IF.THEN
SetBlock.0.IF.THEN.0.FOR
FOR.SETCOUNTER
SetBlock.0.IF.THEN.0.FOR.0.IF.THEN.0.IF.THEN
SetBlock.0.IF.THEN.0.FOR.0.IF.THEN
SetBlock.0.IF.THEN.0.FOR
FOR.SETCOUNTER
SetBlock.0.IF.THEN.0.FOR.0.IF.THEN.0.IF.THEN
SetBlock.0.IF.THEN.0.FOR.0.IF.THEN
SetBlock.0.IF.THEN.0.FOR
FOR.SETCOUNTER
SetBlock.0.IF.THEN.0.FOR.0.IF.THEN.0.IF.THEN
SetBlock.0.IF.THEN.0.FOR.0.IF.THEN
SetBlock.0.IF.THEN.0.FOR
FOR.SETCOUNTER
SetBlock.0.IF.THEN.0.FOR.0.IF.THEN.0.IF.THEN
SetBlock.0.IF.THEN.0.FOR.0.IF.THEN
SetBlock.0.IF.THEN.0.FOR
FOR.SETCOUNTER
SetBlock.0.IF.THEN.0.FOR.0.IF.THEN.0.IF.THEN
SetBlock.0.IF.THEN.0.FOR.0.IF.THEN
SetBlock.0.IF.THEN.0.FOR
FOR.SETCOUNTER
SetBlock.0.IF.THEN.0.FOR.0.IF.THEN.0.IF.THEN
SetBlock.0.IF.THEN.0.FOR.0.IF.THEN
SetBlock.0.IF.THEN.0.FOR
FOR.SETCOUNTER
SetBlock.0.IF.THEN.0.FOR.0.IF.THEN.0.IF.THEN
SetBlock.0.IF.THEN.0.FOR.0.IF.THEN
SetBlock.0.IF.THEN.0.FOR
FOR.SETCOUNTER
SetBlock.0.IF.THEN.0.FOR.0.IF.THEN.0.IF.THEN
SetBlock.0.IF.THEN.0.FOR.0.IF.THEN
SetBlock.0.IF.THEN.0.FOR
SetBlock.0.IF.THEN
TogglePlayer.1.IF.THEN
TogglePlayer
SetBlock.1.IF.THEN.0.IF.ELSE
CheckWin.2.IF.THEN
FOR.SETCOUNTER
CheckWin.3.FOR.0.IF.THEN.0.IF.THEN
CheckWin.3.FOR.0.IF.THEN
CheckWin.3.FOR
FOR.SETCOUNTER
CheckWin.3.FOR.0.IF.THEN.0.IF.ELSE
CheckWin.3.FOR.0.IF.THEN
CheckWin.3.FOR
FOR.SETCOUNTER
CheckWin.3.FOR
FOR.SETCOUNTER
CheckWin.3.FOR
FOR.SETCOUNTER
CheckWin.3.FOR
FOR.SETCOUNTER
CheckWin.3.FOR
FOR.SETCOUNTER
CheckWin.3.FOR
FOR.SETCOUNTER
CheckWin.5.FOR.0.IF.THEN.0.IF.THEN
CheckWin.5.FOR.0.IF.THEN
CheckWin.5.FOR
FOR.SETCOUNTER
CheckWin.5.FOR.0.IF.THEN.0.IF.ELSE
CheckWin.5.FOR.0.IF.THEN
CheckWin.5.FOR
FOR.SETCOUNTER
CheckWin.5.FOR
FOR.SETCOUNTER
CheckWin.5.FOR
FOR.SETCOUNTER
CheckWin.5.FOR
FOR.SETCOUNTER
CheckWin.5.FOR
FOR.SETCOUNTER
CheckWin.9.FOR.0.IF.THEN.0.IF.THEN
CheckWin.9.FOR.0.IF.THEN
CheckWin.9.FOR
FOR.SETCOUNTER
CheckWin.11.FOR.0.IF.THEN.0.IF.THEN
CheckWin.11.FOR.0.IF.THEN
CheckWin.11.FOR
FOR.SETCOUNTER
CheckWin.11.FOR.0.IF.THEN.0.IF.ELSE
CheckWin.11.FOR.0.IF.THEN
CheckWin.11.FOR
FOR.SETCOUNTER
CheckWin.11.FOR
FOR.SETCOUNTER
CheckWin.11.FOR
FOR.SETCOUNTER
CheckWin.11.FOR
FOR.SETCOUNTER
CheckWin.11.FOR
FOR.SETCOUNTER
CheckWin.11.FOR
FOR.SETCOUNTER
CheckWin.11.FOR
FOR.SETCOUNTER
CheckWin.11.FOR
FOR.SETCOUNTER
CheckWin.11.FOR
FOR.SETCOUNTER
CheckWin.11.FOR
FOR.SETCOUNTER
CheckWin.11.FOR
CheckWin.19.IF.ELSE
FOR.SETCOUNTER
CheckWin.20.FOR.6.IF.THEN.0.IF.THEN
CheckWin.20.FOR.6.IF.THEN
CheckWin.20.FOR
CheckWin.24.IF.THEN
FOR.SETCOUNTER
CheckWin.25.FOR.6.IF.THEN.0.IF.THEN
CheckWin.25.FOR.6.IF.THEN
CheckWin.25.FOR
FOR.SETCOUNTER
CheckWin.25.FOR.6.IF.THEN.0.IF.ELSE
CheckWin.25.FOR.6.IF.THEN
CheckWin.25.FOR
FOR.SETCOUNTER
CheckWin.25.FOR
FOR.SETCOUNTER
CheckWin.25.FOR
FOR.SETCOUNTER
CheckWin.25.FOR
CheckWin.32.IF.THEN
FOR.SETCOUNTER
CheckWin.33.FOR.6.IF.THEN.0.IF.THEN
CheckWin.33.FOR.6.IF.THEN
CheckWin.33.FOR
FOR.SETCOUNTER
CheckWin.33.FOR.6.IF.THEN.0.IF.ELSE
CheckWin.33.FOR.6.IF.THEN
CheckWin.33.FOR
FOR.SETCOUNTER
CheckWin.33.FOR
FOR.SETCOUNTER
CheckWin.33.FOR
FOR.SETCOUNTER
CheckWin.33.FOR
FOR.SETCOUNTER
CheckWin.33.FOR
FOR.SETCOUNTER
CheckWin.33.FOR
CheckWin.38.IF.ELSE
FOR.SETCOUNTER
CheckWin.39.FOR.6.IF.THEN.0.IF.THEN
CheckWin.39.FOR.6.IF.THEN
CheckWin.39.FOR
CheckWin
SetBlock.1.IF.THEN
SetBlock
MousePressed.0.IF.THEN
MousePressed
FOR.SETCOUNTER
SetBlock.0.IF.THEN.0.FOR.0.IF.THEN.0.IF.THEN
SetBlock.0.IF.THEN.0.FOR.0.IF.THEN
SetBlock.0.IF.THEN.0.FOR
FOR.SETCOUNTER
SetBlock.0.IF.THEN.0.FOR.0.IF.THEN.0.IF.THEN
SetBlock.0.IF.THEN.0.FOR.0.IF.THEN
SetBlock.0.IF.THEN.0.FOR
FOR.SETCOUNTER
SetBlock.0.IF.THEN.0.FOR.0.IF.THEN.0.IF.THEN
SetBlock.0.IF.THEN.0.FOR.0.IF.THEN
SetBlock.0.IF.THEN.0.FOR
FOR.SETCOUNTER
SetBlock.0.IF.THEN.0.FOR.0.IF.THEN.0.IF.THEN
SetBlock.0.IF.THEN.0.FOR.0.IF.THEN
SetBlock.0.IF.THEN.0.FOR
FOR.SETCOUNTER
SetBlock.0.IF.THEN.0.FOR.0.IF.THEN.0.IF.THEN
SetBlock.0.IF.THEN.0.FOR.0.IF.THEN
SetBlock.0.IF.THEN.0.FOR
FOR.SETCOUNTER
SetBlock.0.IF.THEN.0.FOR.0.IF.THEN.0.IF.THEN
SetBlock.0.IF.THEN.0.FOR.0.IF.THEN
SetBlock.0.IF.THEN.0.FOR
FOR.SETCOUNTER
SetBlock.0.IF.THEN.0.FOR.0.IF.THEN.0.IF.THEN
SetBlock.0.IF.THEN.0.FOR.0.IF.THEN
SetBlock.0.IF.THEN.0.FOR
FOR.SETCOUNTER
SetBlock.0.IF.THEN.0.FOR.0.IF.THEN.0.IF.THEN
SetBlock.0.IF.THEN.0.FOR.0.IF.THEN
SetBlock.0.IF.THEN.0.FOR
FOR.SETCOUNTER
SetBlock.0.IF.THEN.0.FOR.0.IF.THEN.0.IF.THEN
SetBlock.0.IF.THEN.0.FOR.0.IF.THEN
SetBlock.0.IF.THEN.0.FOR
FOR.SETCOUNTER
SetBlock.0.IF.THEN.0.FOR.0.IF.THEN.0.IF.THEN
SetBlock.0.IF.THEN.0.FOR.0.IF.THEN
SetBlock.0.IF.THEN.0.FOR
FOR.SETCOUNTER
SetBlock.0.IF.THEN.0.FOR.0.IF.THEN.0.IF.THEN
SetBlock.0.IF.THEN.0.FOR.0.IF.THEN
SetBlock.0.IF.THEN.0.FOR
FOR.SETCOUNTER
SetBlock.0.IF.THEN.0.FOR.0.IF.THEN.0.IF.THEN
SetBlock.0.IF.THEN.0.FOR.0.IF.THEN
SetBlock.0.IF.THEN.0.FOR
SetBlock.0.IF.THEN
TogglePlayer.1.IF.ELSE
TogglePlayer
SetBlock.1.IF.THEN.0.IF.THEN
CheckWin.2.IF.ELSE
FOR.SETCOUNTER
CheckWin.3.FOR.0.IF.THEN.0.IF.THEN
CheckWin.3.FOR.0.IF.THEN
CheckWin.3.FOR
FOR.SETCOUNTER
CheckWin.3.FOR.0.IF.THEN.0.IF.ELSE
CheckWin.3.FOR.0.IF.THEN
CheckWin.3.FOR
FOR.SETCOUNTER
CheckWin.3.FOR
FOR.SETCOUNTER
CheckWin.3.FOR
FOR.SETCOUNTER
CheckWin.3.FOR
FOR.SETCOUNTER
CheckWin.3.FOR
FOR.SETCOUNTER
CheckWin.5.FOR.0.IF.THEN.0.IF.THEN
CheckWin.5.FOR.0.IF.THEN
CheckWin.5.FOR
FOR.SETCOUNTER
CheckWin.5.FOR.0.IF.THEN.0.IF.ELSE
CheckWin.5.FOR.0.IF.THEN
CheckWin.5.FOR
FOR.SETCOUNTER
CheckWin.5.FOR
FOR.SETCOUNTER
CheckWin.5.FOR
FOR.SETCOUNTER
CheckWin.5.FOR
FOR.SETCOUNTER
CheckWin.5.FOR
FOR.SETCOUNTER
CheckWin.5.FOR
FOR.SETCOUNTER
CheckWin.9.FOR.0.IF.THEN.0.IF.THEN
CheckWin.9.FOR.0.IF.THEN
CheckWin.9.FOR
FOR.SETCOUNTER
CheckWin.11.FOR.0.IF.THEN.0.IF.THEN
CheckWin.11.FOR.0.IF.THEN
CheckWin.11.FOR
FOR.SETCOUNTER
CheckWin.11.FOR.0.IF.THEN.0.IF.ELSE
CheckWin.11.FOR.0.IF.THEN
CheckWin.11.FOR
FOR.SETCOUNTER
CheckWin.11.FOR
FOR.SETCOUNTER
CheckWin.11.FOR
FOR.SETCOUNTER
CheckWin.11.FOR
FOR.SETCOUNTER
CheckWin.11.FOR
FOR.SETCOUNTER
CheckWin.11.FOR
FOR.SETCOUNTER
CheckWin.11.FOR
FOR.SETCOUNTER
CheckWin.11.FOR
FOR.SETCOUNTER
CheckWin.11.FOR
FOR.SETCOUNTER
CheckWin.11.FOR
FOR.SETCOUNTER
CheckWin.11.FOR
CheckWin.19.IF.ELSE
FOR.SETCOUNTER
CheckWin.20.FOR.6.IF.THEN.0.IF.THEN
CheckWin.20.FOR.6.IF.THEN
CheckWin.20.FOR
CheckWin.24.IF.THEN
FOR.SETCOUNTER
CheckWin.25.FOR.6.IF.THEN.0.IF.THEN
CheckWin.25.FOR.6.IF.THEN
CheckWin.25.FOR
FOR.SETCOUNTER
CheckWin.25.FOR.6.IF.THEN.0.IF.ELSE
CheckWin.25.FOR.6.IF.THEN
CheckWin.25.FOR
FOR.SETCOUNTER
CheckWin.25.FOR
FOR.SETCOUNTER
CheckWin.25.FOR
FOR.SETCOUNTER
CheckWin.25.FOR
FOR.SETCOUNTER
CheckWin.25.FOR
CheckWin.32.IF.THEN
FOR.SETCOUNTER
CheckWin.33.FOR.6.IF.THEN.0.IF.THEN
CheckWin.33.FOR.6.IF.THEN
CheckWin.33.FOR
FOR.SETCOUNTER
CheckWin.33.FOR.6.IF.THEN.0.IF.ELSE
CheckWin.33.FOR.6.IF.THEN
CheckWin.33.FOR
FOR.SETCOUNTER
CheckWin.33.FOR
FOR.SETCOUNTER
CheckWin.33.FOR
FOR.SETCOUNTER
CheckWin.33.FOR
FOR.SETCOUNTER
CheckWin.33.FOR
CheckWin.38.IF.ELSE
FOR.SETCOUNTER
CheckWin.39.FOR.6.IF.THEN.0.IF.THEN
CheckWin.39.FOR.6.IF.THEN
CheckWin.39.FOR
CheckWin
SetBlock.1.IF.THEN
SetBlock
MousePressed.0.IF.THEN
MousePressed
FOR.SETCOUNTER
SetBlock.0.IF.THEN.0.FOR.0.IF.THEN.0.IF.THEN
SetBlock.0.IF.THEN.0.FOR.0.IF.THEN
SetBlock.0.IF.THEN.0.FOR
FOR.SETCOUNTER
SetBlock.0.IF.THEN.0.FOR.0.IF.THEN.0.IF.THEN
SetBlock.0.IF.THEN.0.FOR.0.IF.THEN
SetBlock.0.IF.THEN.0.FOR
FOR.SETCOUNTER
SetBlock.0.IF.THEN.0.FOR.0.IF.THEN.0.IF.THEN
SetBlock.0.IF.THEN.0.FOR.0.IF.THEN
SetBlock.0.IF.THEN.0.FOR
FOR.SETCOUNTER
SetBlock.0.IF.THEN.0.FOR.0.IF.THEN.0.IF.THEN
SetBlock.0.IF.THEN.0.FOR.0.IF.THEN
SetBlock.0.IF.THEN.0.FOR
FOR.SETCOUNTER
SetBlock.0.IF.THEN.0.FOR.0.IF.THEN.0.IF.THEN
SetBlock.0.IF.THEN.0.FOR.0.IF.THEN
SetBlock.0.IF.THEN.0.FOR
FOR.SETCOUNTER
SetBlock.0.IF.THEN.0.FOR.0.IF.THEN.0.IF.THEN
SetBlock.0.IF.THEN.0.FOR.0.IF.THEN
SetBlock.0.IF.THEN.0.FOR
FOR.SETCOUNTER
SetBlock.0.IF.THEN.0.FOR.0.IF.THEN.0.IF.THEN
SetBlock.0.IF.THEN.0.FOR.0.IF.THEN
SetBlock.0.IF.THEN.0.FOR
FOR.SETCOUNTER
SetBlock.0.IF.THEN.0.FOR.0.IF.THEN.0.IF.THEN
SetBlock.0.IF.THEN.0.FOR.0.IF.THEN
SetBlock.0.IF.THEN.0.FOR
FOR.SETCOUNTER
SetBlock.0.IF.THEN.0.FOR.0.IF.THEN.0.IF.THEN
SetBlock.0.IF.THEN.0.FOR.0.IF.THEN
SetBlock.0.IF.THEN.0.FOR
FOR.SETCOUNTER
SetBlock.0.IF.THEN.0.FOR.0.IF.THEN.0.IF.THEN
SetBlock.0.IF.THEN.0.FOR.0.IF.THEN
SetBlock.0.IF.THEN.0.FOR
FOR.SETCOUNTER
SetBlock.0.IF.THEN.0.FOR.0.IF.THEN.0.IF.THEN
SetBlock.0.IF.THEN.0.FOR.0.IF.THEN
SetBlock.0.IF.THEN.0.FOR
FOR.SETCOUNTER
SetBlock.0.IF.THEN.0.FOR.0.IF.THEN.0.IF.THEN
SetBlock.0.IF.THEN.0.FOR.0.IF.THEN
SetBlock.0.IF.THEN.0.FOR
SetBlock.0.IF.THEN
TogglePlayer.1.IF.THEN
TogglePlayer
SetBlock.1.IF.THEN.0.IF.ELSE
CheckWin.2.IF.THEN
FOR.SETCOUNTER
CheckWin.3.FOR.0.IF.THEN.0.IF.THEN
CheckWin.3.FOR.0.IF.THEN
CheckWin.3.FOR
FOR.SETCOUNTER
CheckWin.3.FOR.0.IF.THEN.0.IF.ELSE
CheckWin.3.FOR.0.IF.THEN
CheckWin.3.FOR
FOR.SETCOUNTER
CheckWin.3.FOR
FOR.SETCOUNTER
CheckWin.3.FOR
FOR.SETCOUNTER
CheckWin.3.FOR
FOR.SETCOUNTER
CheckWin.5.FOR.0.IF.THEN.0.IF.THEN
CheckWin.5.FOR.0.IF.THEN
CheckWin.5.FOR
FOR.SETCOUNTER
CheckWin.5.FOR.0.IF.THEN.0.IF.ELSE
CheckWin.5.FOR.0.IF.THEN
CheckWin.5.FOR
FOR.SETCOUNTER
CheckWin.5.FOR
FOR.SETCOUNTER
CheckWin.5.FOR
FOR.SETCOUNTER
CheckWin.5.FOR
FOR.SETCOUNTER
CheckWin.5.FOR
FOR.SETCOUNTER
CheckWin.5.FOR
FOR.SETCOUNTER
CheckWin.5.FOR
FOR.SETCOUNTER
CheckWin.9.FOR.0.IF.THEN.0.IF.THEN
CheckWin.9.FOR.0.IF.THEN
CheckWin.9.FOR
FOR.SETCOUNTER
CheckWin.11.FOR.0.IF.THEN.0.IF.THEN
CheckWin.11.FOR.0.IF.THEN
CheckWin.11.FOR
FOR.SETCOUNTER
CheckWin.11.FOR.0.IF.THEN.0.IF.ELSE
CheckWin.11.FOR.0.IF.THEN
CheckWin.11.FOR
FOR.SETCOUNTER
CheckWin.11.FOR
FOR.SETCOUNTER
CheckWin.11.FOR
FOR.SETCOUNTER
CheckWin.11.FOR
FOR.SETCOUNTER
CheckWin.11.FOR
FOR.SETCOUNTER
CheckWin.11.FOR
FOR.SETCOUNTER
CheckWin.11.FOR
FOR.SETCOUNTER
CheckWin.11.FOR
FOR.SETCOUNTER
CheckWin.11.FOR
FOR.SETCOUNTER
CheckWin.11.FOR
FOR.SETCOUNTER
CheckWin.11.FOR
CheckWin.19.IF.ELSE
FOR.SETCOUNTER
CheckWin.20.FOR.6.IF.THEN.0.IF.THEN
CheckWin.20.FOR.6.IF.THEN
CheckWin.20.FOR
CheckWin.24.IF.THEN
FOR.SETCOUNTER
CheckWin.25.FOR.6.IF.THEN.0.IF.THEN
CheckWin.25.FOR.6.IF.THEN
CheckWin.25.FOR
FOR.SETCOUNTER
CheckWin.25.FOR.6.IF.THEN.0.IF.ELSE
CheckWin.25.FOR.6.IF.THEN
CheckWin.25.FOR
FOR.SETCOUNTER
CheckWin.25.FOR
FOR.SETCOUNTER
CheckWin.25.FOR
FOR.SETCOUNTER
CheckWin.25.FOR
FOR.SETCOUNTER
CheckWin.25.FOR
FOR.SETCOUNTER
CheckWin.25.FOR
CheckWin.32.IF.THEN
FOR.SETCOUNTER
CheckWin.33.FOR.6.IF.THEN.0.IF.THEN
CheckWin.33.FOR.6.IF.THEN
CheckWin.33.FOR
FOR.SETCOUNTER
CheckWin.33.FOR.6.IF.THEN.0.IF.ELSE
CheckWin.33.FOR.6.IF.THEN
CheckWin.33.FOR
FOR.SETCOUNTER
CheckWin.33.FOR
FOR.SETCOUNTER
CheckWin.33.FOR
FOR.SETCOUNTER
CheckWin.33.FOR
CheckWin.38.IF.ELSE
FOR.SETCOUNTER
CheckWin.39.FOR.6.IF.THEN.0.IF.THEN
CheckWin.39.FOR.6.IF.THEN
CheckWin.39.FOR
CheckWin
SetBlock.1.IF.THEN
SetBlock
MousePressed.0.IF.THEN
MousePressed
FOR.SETCOUNTER
SetBlock.0.IF.THEN.0.FOR.0.IF.THEN.0.IF.THEN
SetBlock.0.IF.THEN.0.FOR.0.IF.THEN
SetBlock.0.IF.THEN.0.FOR
FOR.SETCOUNTER
SetBlock.0.IF.THEN.0.FOR.0.IF.THEN.0.IF.THEN
SetBlock.0.IF.THEN.0.FOR.0.IF.THEN
SetBlock.0.IF.THEN.0.FOR
FOR.SETCOUNTER
SetBlock.0.IF.THEN.0.FOR.0.IF.THEN.0.IF.THEN
SetBlock.0.IF.THEN.0.FOR.0.IF.THEN
SetBlock.0.IF.THEN.0.FOR
FOR.SETCOUNTER
SetBlock.0.IF.THEN.0.FOR.0.IF.THEN.0.IF.THEN
SetBlock.0.IF.THEN.0.FOR.0.IF.THEN
SetBlock.0.IF.THEN.0.FOR
FOR.SETCOUNTER
SetBlock.0.IF.THEN.0.FOR.0.IF.THEN.0.IF.THEN
SetBlock.0.IF.THEN.0.FOR.0.IF.THEN
SetBlock.0.IF.THEN.0.FOR
FOR.SETCOUNTER
SetBlock.0.IF.THEN.0.FOR.0.IF.THEN.0.IF.THEN
SetBlock.0.IF.THEN.0.FOR.0.IF.THEN
SetBlock.0.IF.THEN.0.FOR
FOR.SETCOUNTER
SetBlock.0.IF.THEN.0.FOR.0.IF.THEN.0.IF.THEN
SetBlock.0.IF.THEN.0.FOR.0.IF.THEN
SetBlock.0.IF.THEN.0.FOR
FOR.SETCOUNTER
SetBlock.0.IF.THEN.0.FOR.0.IF.THEN.0.IF.THEN
SetBlock.0.IF.THEN.0.FOR.0.IF.THEN
SetBlock.0.IF.THEN.0.FOR
FOR.SETCOUNTER
SetBlock.0.IF.THEN.0.FOR.0.IF.THEN.0.IF.THEN
SetBlock.0.IF.THEN.0.FOR.0.IF.THEN
SetBlock.0.IF.THEN.0.FOR
FOR.SETCOUNTER
SetBlock.0.IF.THEN.0.FOR.0.IF.THEN.0.IF.THEN
SetBlock.0.IF.THEN.0.FOR.0.IF.THEN
SetBlock.0.IF.THEN.0.FOR
FOR.SETCOUNTER
SetBlock.0.IF.THEN.0.FOR.0.IF.THEN.0.IF.THEN
SetBlock.0.IF.THEN.0.FOR.0.IF.THEN
SetBlock.0.IF.THEN.0.FOR
FOR.SETCOUNTER
SetBlock.0.IF.THEN.0.FOR.0.IF.THEN.0.IF.THEN
SetBlock.0.IF.THEN.0.FOR.0.IF.THEN
SetBlock.0.IF.THEN.0.FOR
SetBlock.0.IF.THEN
TogglePlayer.1.IF.ELSE
TogglePlayer
SetBlock.1.IF.THEN.0.IF.THEN
CheckWin.2.IF.ELSE
FOR.SETCOUNTER
CheckWin.3.FOR.0.IF.THEN.0.IF.THEN
CheckWin.3.FOR.0.IF.THEN
CheckWin.3.FOR
FOR.SETCOUNTER
CheckWin.3.FOR.0.IF.THEN.0.IF.ELSE
CheckWin.3.FOR.0.IF.THEN
CheckWin.3.FOR
FOR.SETCOUNTER
CheckWin.3.FOR
FOR.SETCOUNTER
CheckWin.3.FOR
FOR.SETCOUNTER
CheckWin.5.FOR.0.IF.THEN.0.IF.THEN
CheckWin.5.FOR.0.IF.THEN
CheckWin.5.FOR
FOR.SETCOUNTER
CheckWin.5.FOR.0.IF.THEN.0.IF.ELSE
CheckWin.5.FOR.0.IF.THEN
CheckWin.5.FOR
FOR.SETCOUNTER
CheckWin.5.FOR
FOR.SETCOUNTER
CheckWin.5.FOR
FOR.SETCOUNTER
CheckWin.5.FOR
FOR.SETCOUNTER
CheckWin.5.FOR
FOR.SETCOUNTER
CheckWin.5.FOR
FOR.SETCOUNTER
CheckWin.5.FOR
FOR.SETCOUNTER
CheckWin.5.FOR
FOR.SETCOUNTER
CheckWin.9.FOR.0.IF.THEN.0.IF.THEN
CheckWin.9.FOR.0.IF.THEN
CheckWin.9.FOR
FOR.SETCOUNTER
CheckWin.11.FOR.0.IF.THEN.0.IF.THEN
CheckWin.11.FOR.0.IF.THEN
CheckWin.11.FOR
FOR.SETCOUNTER
CheckWin.11.FOR.0.IF.THEN.0.IF.ELSE
CheckWin.11.FOR.0.IF.THEN
CheckWin.11.FOR
FOR.SETCOUNTER
CheckWin.11.FOR
FOR.SETCOUNTER
CheckWin.11.FOR
FOR.SETCOUNTER
CheckWin.11.FOR
FOR.SETCOUNTER
CheckWin.11.FOR
FOR.SETCOUNTER
CheckWin.11.FOR
FOR.SETCOUNTER
CheckWin.11.FOR
FOR.SETCOUNTER
CheckWin.11.FOR
FOR.SETCOUNTER
CheckWin.11.FOR
FOR.SETCOUNTER
CheckWin.11.FOR
FOR.SETCOUNTER
CheckWin.11.FOR
CheckWin.19.IF.ELSE
FOR.SETCOUNTER
CheckWin.20.FOR.6.IF.THEN.0.IF.THEN
CheckWin.20.FOR.6.IF.THEN
CheckWin.20.FOR
CheckWin.24.IF.THEN
FOR.SETCOUNTER
CheckWin.25.FOR.6.IF.THEN.0.IF.THEN
CheckWin.25.FOR.6.IF.THEN
CheckWin.25.FOR
FOR.SETCOUNTER
CheckWin.25.FOR.6.IF.THEN.0.IF.ELSE
CheckWin.25.FOR.6.IF.THEN
CheckWin.25.FOR
FOR.SETCOUNTER
CheckWin.25.FOR
FOR.SETCOUNTER
CheckWin.25.FOR
FOR.SETCOUNTER
CheckWin.25.FOR
FOR.SETCOUNTER
CheckWin.25.FOR
FOR.SETCOUNTER
CheckWin.25.FOR
FOR.SETCOUNTER
CheckWin.25.FOR
CheckWin.32.IF.THEN
FOR.SETCOUNTER
CheckWin.33.FOR.6.IF.THEN.0.IF.THEN
CheckWin.33.FOR.6.IF.THEN
CheckWin.33.FOR
FOR.SETCOUNTER
CheckWin.33.FOR.6.IF.THEN.0.IF.ELSE
CheckWin.33.FOR.6.IF.THEN
CheckWin.33.FOR
FOR.SETCOUNTER
CheckWin.33.FOR
FOR.SETCOUNTER
CheckWin.33.FOR
CheckWin.38.IF.ELSE
FOR.SETCOUNTER
CheckWin.39.FOR.6.IF.THEN.0.IF.THEN
CheckWin.39.FOR.6.IF.THEN
CheckWin.39.FOR
CheckWin
SetBlock.1.IF.THEN
SetBlock
MousePressed.0.IF.THEN
MousePressed
FOR.SETCOUNTER
SetBlock.0.IF.THEN.0.FOR.0.IF.THEN.0.IF.THEN
SetBlock.0.IF.THEN.0.FOR.0.IF.THEN
SetBlock.0.IF.THEN.0.FOR
FOR.SETCOUNTER
SetBlock.0.IF.THEN.0.FOR.0.IF.THEN.0.IF.THEN
SetBlock.0.IF.THEN.0.FOR.0.IF.THEN
SetBlock.0.IF.THEN.0.FOR
FOR.SETCOUNTER
SetBlock.0.IF.THEN.0.FOR.0.IF.THEN.0.IF.THEN
SetBlock.0.IF.THEN.0.FOR.0.IF.THEN
SetBlock.0.IF.THEN.0.FOR
FOR.SETCOUNTER
SetBlock.0.IF.THEN.0.FOR.0.IF.THEN.0.IF.THEN
SetBlock.0.IF.THEN.0.FOR.0.IF.THEN
SetBlock.0.IF.THEN.0.FOR
FOR.SETCOUNTER
SetBlock.0.IF.THEN.0.FOR.0.IF.THEN.0.IF.THEN
SetBlock.0.IF.THEN.0.FOR.0.IF.THEN
SetBlock.0.IF.THEN.0.FOR
FOR.SETCOUNTER
SetBlock.0.IF.THEN.0.FOR.0.IF.THEN.0.IF.THEN
SetBlock.0.IF.THEN.0.FOR.0.IF.THEN
SetBlock.0.IF.THEN.0.FOR
FOR.SETCOUNTER
SetBlock.0.IF.THEN.0.FOR.0.IF.THEN.0.IF.THEN
SetBlock.0.IF.THEN.0.FOR.0.IF.THEN
SetBlock.0.IF.THEN.0.FOR
FOR.SETCOUNTER
SetBlock.0.IF.THEN.0.FOR.0.IF.THEN.0.IF.THEN
SetBlock.0.IF.THEN.0.FOR.0.IF.THEN
SetBlock.0.IF.THEN.0.FOR
FOR.SETCOUNTER
SetBlock.0.IF.THEN.0.FOR.0.IF.THEN.0.IF.THEN
SetBlock.0.IF.THEN.0.FOR.0.IF.THEN
SetBlock.0.IF.THEN.0.FOR
FOR.SETCOUNTER
SetBlock.0.IF.THEN.0.FOR.0.IF.THEN.0.IF.THEN
SetBlock.0.IF.THEN.0.FOR.0.IF.THEN
SetBlock.0.IF.THEN.0.FOR
FOR.SETCOUNTER
SetBlock.0.IF.THEN.0.FOR.0.IF.THEN.0.IF.THEN
SetBlock.0.IF.THEN.0.FOR.0.IF.THEN
SetBlock.0.IF.THEN.0.FOR
FOR.SETCOUNTER
SetBlock.0.IF.THEN.0.FOR.0.IF.THEN.0.IF.THEN
SetBlock.0.IF.THEN.0.FOR.0.IF.THEN
SetBlock.0.IF.THEN.0.FOR
SetBlock.0.IF.THEN
TogglePlayer.1.IF.THEN
TogglePlayer
SetBlock.1.IF.THEN.0.IF.ELSE
CheckWin.2.IF.THEN
FOR.SETCOUNTER
CheckWin.3.FOR.0.IF.THEN.0.IF.THEN
CheckWin.3.FOR.0.IF.THEN
CheckWin.3.FOR
FOR.SETCOUNTER
CheckWin.3.FOR.0.IF.THEN.0.IF.ELSE
CheckWin.3.FOR.0.IF.THEN
CheckWin.3.FOR
FOR.SETCOUNTER
CheckWin.3.FOR
FOR.SETCOUNTER
CheckWin.5.FOR.0.IF.THEN.0.IF.THEN
CheckWin.5.FOR.0.IF.THEN
CheckWin.5.FOR
FOR.SETCOUNTER
CheckWin.5.FOR.0.IF.THEN.0.IF.ELSE
CheckWin.5.FOR.0.IF.THEN
CheckWin.5.FOR
FOR.SETCOUNTER
CheckWin.5.FOR
FOR.SETCOUNTER
CheckWin.5.FOR
FOR.SETCOUNTER
CheckWin.5.FOR
FOR.SETCOUNTER
CheckWin.5.FOR
FOR.SETCOUNTER
CheckWin.5.FOR
FOR.SETCOUNTER
CheckWin.5.FOR
FOR.SETCOUNTER
CheckWin.5.FOR
FOR.SETCOUNTER
CheckWin.5.FOR
FOR.SETCOUNTER
CheckWin.9.FOR.0.IF.THEN.0.IF.THEN
CheckWin.9.FOR.0.IF.THEN
CheckWin.9.FOR
FOR.SETCOUNTER
CheckWin.11.FOR.0.IF.THEN.0.IF.THEN
CheckWin.11.FOR.0.IF.THEN
CheckWin.11.FOR
FOR.SETCOUNTER
CheckWin.11.FOR.0.IF.THEN.0.IF.ELSE
CheckWin.11.FOR.0.IF.THEN
CheckWin.11.FOR
FOR.SETCOUNTER
CheckWin.11.FOR
FOR.SETCOUNTER
CheckWin.11.FOR
FOR.SETCOUNTER
CheckWin.11.FOR
FOR.SETCOUNTER
CheckWin.11.FOR
FOR.SETCOUNTER
CheckWin.11.FOR
FOR.SETCOUNTER
CheckWin.11.FOR
FOR.SETCOUNTER
CheckWin.11.FOR
FOR.SETCOUNTER
CheckWin.11.FOR
FOR.SETCOUNTER
CheckWin.11.FOR
FOR.SETCOUNTER
CheckWin.11.FOR
CheckWin.19.IF.ELSE
FOR.SETCOUNTER
CheckWin.20.FOR.6.IF.THEN.0.IF.THEN
CheckWin.20.FOR.6.IF.THEN
CheckWin.20.FOR
CheckWin.24.IF.THEN
FOR.SETCOUNTER
CheckWin.25.FOR.6.IF.THEN.0.IF.THEN
CheckWin.25.FOR.6.IF.THEN
CheckWin.25.FOR
FOR.SETCOUNTER
CheckWin.25.FOR.6.IF.THEN.0.IF.ELSE
CheckWin.25.FOR.6.IF.THEN
CheckWin.25.FOR
FOR.SETCOUNTER
CheckWin.25.FOR
FOR.SETCOUNTER
CheckWin.25.FOR
FOR.SETCOUNTER
CheckWin.25.FOR
FOR.SETCOUNTER
CheckWin.25.FOR
FOR.SETCOUNTER
CheckWin.25.FOR
FOR.SETCOUNTER
CheckWin.25.FOR
FOR.SETCOUNTER
CheckWin.25.FOR
CheckWin.32.IF.THEN
FOR.SETCOUNTER
CheckWin.33.FOR.6.IF.THEN.0.IF.THEN
CheckWin.33.FOR.6.IF.THEN
CheckWin.33.FOR
FOR.SETCOUNTER
CheckWin.33.FOR.6.IF.THEN.0.IF.ELSE
CheckWin.33.FOR.6.IF.THEN
CheckWin.33.FOR
FOR.SETCOUNTER
CheckWin.33.FOR
CheckWin.38.IF.ELSE
FOR.SETCOUNTER
CheckWin.39.FOR.6.IF.THEN.0.IF.THEN
CheckWin.39.FOR.6.IF.THEN
CheckWin.39.FOR
CheckWin
SetBlock.1.IF.THEN
SetBlock
MousePressed.0.IF.THEN
MousePressed
FOR.SETCOUNTER
SetBlock.0.IF.THEN.0.FOR.0.IF.THEN.0.IF.THEN
SetBlock.0.IF.THEN.0.FOR.0.IF.THEN
SetBlock.0.IF.THEN.0.FOR
FOR.SETCOUNTER
SetBlock.0.IF.THEN.0.FOR.0.IF.THEN.0.IF.THEN
SetBlock.0.IF.THEN.0.FOR.0.IF.THEN
SetBlock.0.IF.THEN.0.FOR
FOR.SETCOUNTER
SetBlock.0.IF.THEN.0.FOR.0.IF.THEN.0.IF.THEN
SetBlock.0.IF.THEN.0.FOR.0.IF.THEN
SetBlock.0.IF.THEN.0.FOR
FOR.SETCOUNTER
SetBlock.0.IF.THEN.0.FOR.0.IF.THEN.0.IF.THEN
SetBlock.0.IF.THEN.0.FOR.0.IF.THEN
SetBlock.0.IF.THEN.0.FOR
FOR.SETCOUNTER
SetBlock.0.IF.THEN.0.FOR.0.IF.THEN.0.IF.THEN
SetBlock.0.IF.THEN.0.FOR.0.IF.THEN
SetBlock.0.IF.THEN.0.FOR
FOR.SETCOUNTER
SetBlock.0.IF.THEN.0.FOR.0.IF.THEN.0.IF.THEN
SetBlock.0.IF.THEN.0.FOR.0.IF.THEN
SetBlock.0.IF.THEN.0.FOR
FOR.SETCOUNTER
SetBlock.0.IF.THEN.0.FOR.0.IF.THEN.0.IF.THEN
SetBlock.0.IF.THEN.0.FOR.0.IF.THEN
SetBlock.0.IF.THEN.0.FOR
FOR.SETCOUNTER
SetBlock.0.IF.THEN.0.FOR.0.IF.THEN.0.IF.THEN
SetBlock.0.IF.THEN.0.FOR.0.IF.THEN
SetBlock.0.IF.THEN.0.FOR
FOR.SETCOUNTER
SetBlock.0.IF.THEN.0.FOR.0.IF.THEN.0.IF.THEN
SetBlock.0.IF.THEN.0.FOR.0.IF.THEN
SetBlock.0.IF.THEN.0.FOR
FOR.SETCOUNTER
SetBlock.0.IF.THEN.0.FOR.0.IF.THEN.0.IF.THEN
SetBlock.0.IF.THEN.0.FOR.0.IF.THEN
SetBlock.0.IF.THEN.0.FOR
FOR.SETCOUNTER
SetBlock.0.IF.THEN.0.FOR.0.IF.THEN.0.IF.THEN
SetBlock.0.IF.THEN.0.FOR.0.IF.THEN
SetBlock.0.IF.THEN.0.FOR
FOR.SETCOUNTER
SetBlock.0.IF.THEN.0.FOR.0.IF.THEN.0.IF.THEN
SetBlock.0.IF.THEN.0.FOR.0.IF.THEN
SetBlock.0.IF.THEN.0.FOR
SetBlock.0.IF.THEN
TogglePlayer.1.IF.ELSE
TogglePlayer
SetBlock.1.IF.THEN.0.IF.THEN
CheckWin.2.IF.ELSE
FOR.SETCOUNTER
CheckWin.3.FOR.0.IF.THEN.0.IF.THEN
CheckWin.3.FOR.0.IF.THEN
CheckWin.3.FOR
FOR.SETCOUNTER
CheckWin.3.FOR.0.IF.THEN.0.IF.ELSE
CheckWin.3.FOR.0.IF.THEN
CheckWin.3.FOR
FOR.SETCOUNTER
CheckWin.3.FOR
FOR.SETCOUNTER
CheckWin.3.FOR
FOR.SETCOUNTER
CheckWin.3.FOR
FOR.SETCOUNTER
CheckWin.3.FOR
FOR.SETCOUNTER
CheckWin.3.FOR
FOR.SETCOUNTER
CheckWin.3.FOR
FOR.SETCOUNTER
CheckWin.3.FOR
FOR.SETCOUNTER
CheckWin.3.FOR
FOR.SETCOUNTER
CheckWin.5.FOR.0.IF.THEN.0.IF.THEN
CheckWin.5.FOR.0.IF.THEN
CheckWin.5.FOR
FOR.SETCOUNTER
CheckWin.5.FOR.0.IF.THEN.0.IF.ELSE
CheckWin.5.FOR.0.IF.THEN
CheckWin.5.FOR
FOR.SETCOUNTER
CheckWin.5.FOR
FOR.SETCOUNTER
CheckWin.9.FOR.0.IF.THEN.0.IF.THEN
CheckWin.9.FOR.0.IF.THEN
CheckWin.9.FOR
FOR.SETCOUNTER
CheckWin.11.FOR.0.IF.THEN.0.IF.THEN
CheckWin.11.FOR.0.IF.THEN
CheckWin.11.FOR
FOR.SETCOUNTER
CheckWin.11.FOR.0.IF.THEN.0.IF.ELSE
CheckWin.11.FOR.0.IF.THEN
CheckWin.11.FOR
FOR.SETCOUNTER
CheckWin.11.FOR
FOR.SETCOUNTER
CheckWin.11.FOR
FOR.SETCOUNTER
CheckWin.11.FOR
FOR.SETCOUNTER
CheckWin.11.FOR
FOR.SETCOUNTER
CheckWin.11.FOR
FOR.SETCOUNTER
CheckWin.11.FOR
FOR.SETCOUNTER
CheckWin.11.FOR
FOR.SETCOUNTER
CheckWin.11.FOR
FOR.SETCOUNTER
CheckWin.11.FOR
FOR.SETCOUNTER
CheckWin.11.FOR
CheckWin.19.IF.ELSE
FOR.SETCOUNTER
CheckWin.20.FOR.6.IF.THEN.0.IF.THEN
CheckWin.20.FOR.6.IF.THEN
CheckWin.20.FOR
CheckWin.24.IF.THEN
FOR.SETCOUNTER
CheckWin.25.FOR.6.IF.THEN.0.IF.THEN
CheckWin.25.FOR.6.IF.THEN
CheckWin.25.FOR
FOR.SETCOUNTER
CheckWin.25.FOR.6.IF.THEN.0.IF.ELSE
CheckWin.25.FOR.6.IF.THEN
CheckWin.25.FOR
CheckWin.32.IF.THEN
FOR.SETCOUNTER
CheckWin.33.FOR.6.IF.THEN.0.IF.THEN
CheckWin.33.FOR.6.IF.THEN
CheckWin.33.FOR
FOR.SETCOUNTER
CheckWin.33.FOR.6.IF.THEN.0.IF.ELSE
CheckWin.33.FOR.6.IF.THEN
CheckWin.33.FOR
FOR.SETCOUNTER
CheckWin.33.FOR
FOR.SETCOUNTER
CheckWin.33.FOR
FOR.SETCOUNTER
CheckWin.33.FOR
FOR.SETCOUNTER
CheckWin.33.FOR
FOR.SETCOUNTER
CheckWin.33.FOR
FOR.SETCOUNTER
CheckWin.33.FOR
FOR.SETCOUNTER
CheckWin.33.FOR
FOR.SETCOUNTER
CheckWin.33.FOR
CheckWin.38.IF.ELSE
FOR.SETCOUNTER
CheckWin.39.FOR.6.IF.THEN.0.IF.THEN
CheckWin.39.FOR.6.IF.THEN
CheckWin.39.FOR
CheckWin
SetBlock.1.IF.THEN
SetBlock
MousePressed.0.IF.THEN
MousePressed
FOR.SETCOUNTER
SetBlock.0.IF.THEN.0.FOR.0.IF.THEN.0.IF.THEN
SetBlock.0.IF.THEN.0.FOR.0.IF.THEN
SetBlock.0.IF.THEN.0.FOR
FOR.SETCOUNTER
SetBlock.0.IF.THEN.0.FOR.0.IF.THEN.0.IF.THEN
SetBlock.0.IF.THEN.0.FOR.0.IF.THEN
SetBlock.0.IF.THEN.0.FOR
FOR.SETCOUNTER
SetBlock.0.IF.THEN.0.FOR.0.IF.THEN.0.IF.THEN
SetBlock.0.IF.THEN.0.FOR.0.IF.THEN
SetBlock.0.IF.THEN.0.FOR
FOR.SETCOUNTER
SetBlock.0.IF.THEN.0.FOR.0.IF.THEN.0.IF.THEN
SetBlock.0.IF.THEN.0.FOR.0.IF.THEN
SetBlock.0.IF.THEN.0.FOR
FOR.SETCOUNTER
SetBlock.0.IF.THEN.0.FOR.0.IF.THEN.0.IF.THEN
SetBlock.0.IF.THEN.0.FOR.0.IF.THEN
SetBlock.0.IF.THEN.0.FOR
FOR.SETCOUNTER
SetBlock.0.IF.THEN.0.FOR.0.IF.THEN.0.IF.THEN
SetBlock.0.IF.THEN.0.FOR.0.IF.THEN
SetBlock.0.IF.THEN.0.FOR
FOR.SETCOUNTER
SetBlock.0.IF.THEN.0.FOR.0.IF.THEN.0.IF.THEN
SetBlock.0.IF.THEN.0.FOR.0.IF.THEN
SetBlock.0.IF.THEN.0.FOR
FOR.SETCOUNTER
SetBlock.0.IF.THEN.0.FOR.0.IF.THEN.0.IF.THEN
SetBlock.0.IF.THEN.0.FOR.0.IF.THEN
SetBlock.0.IF.THEN.0.FOR
FOR.SETCOUNTER
SetBlock.0.IF.THEN.0.FOR.0.IF.THEN.0.IF.THEN
SetBlock.0.IF.THEN.0.FOR.0.IF.THEN
SetBlock.0.IF.THEN.0.FOR
FOR.SETCOUNTER
SetBlock.0.IF.THEN.0.FOR.0.IF.THEN.0.IF.THEN
SetBlock.0.IF.THEN.0.FOR.0.IF.THEN
SetBlock.0.IF.THEN.0.FOR
FOR.SETCOUNTER
SetBlock.0.IF.THEN.0.FOR.0.IF.THEN.0.IF.THEN
SetBlock.0.IF.THEN.0.FOR.0.IF.THEN
SetBlock.0.IF.THEN.0.FOR
FOR.SETCOUNTER
SetBlock.0.IF.THEN.0.FOR.0.IF.THEN.0.IF.ELSE
SetBlock.0.IF.THEN.0.FOR.0.IF.THEN
SetBlock.0.IF.THEN.0.FOR
SetBlock.0.IF.THEN
TogglePlayer.1.IF.THEN
TogglePlayer
SetBlock.1.IF.THEN.0.IF.ELSE
CheckWin.2.IF.THEN
FOR.SETCOUNTER
CheckWin.3.FOR.0.IF.THEN.0.IF.THEN
CheckWin.3.FOR.0.IF.THEN
CheckWin.3.FOR
FOR.SETCOUNTER
CheckWin.3.FOR.0.IF.THEN.0.IF.ELSE
CheckWin.3.FOR.0.IF.THEN
CheckWin.3.FOR
FOR.SETCOUNTER
CheckWin.3.FOR
FOR.SETCOUNTER
CheckWin.3.FOR
FOR.SETCOUNTER
CheckWin.3.FOR
FOR.SETCOUNTER
CheckWin.3.FOR
FOR.SETCOUNTER
CheckWin.3.FOR
FOR.SETCOUNTER
CheckWin.5.FOR.0.IF.THEN.0.IF.THEN
CheckWin.5.FOR.0.IF.THEN
CheckWin.5.FOR
FOR.SETCOUNTER
CheckWin.5.FOR.0.IF.THEN.0.IF.ELSE
CheckWin.5.FOR.0.IF.THEN
CheckWin.5.FOR
FOR.SETCOUNTER
CheckWin.5.FOR
FOR.SETCOUNTER
CheckWin.5.FOR
FOR.SETCOUNTER
CheckWin.5.FOR
FOR.SETCOUNTER
CheckWin.5.FOR
FOR.SETCOUNTER
CheckWin.9.FOR.0.IF.THEN.0.IF.THEN
CheckWin.9.FOR.0.IF.THEN
CheckWin.9.FOR
FOR.SETCOUNTER
CheckWin.9.FOR.0.IF.THEN.0.IF.THEN
CheckWin.9.FOR.0.IF.THEN
CheckWin.9.FOR
FOR.SETCOUNTER
CheckWin.11.FOR.0.IF.THEN.0.IF.THEN
CheckWin.11.FOR.0.IF.THEN
CheckWin.11.FOR
FOR.SETCOUNTER
CheckWin.11.FOR.0.IF.THEN.0.IF.ELSE
CheckWin.11.FOR.0.IF.THEN
CheckWin.11.FOR
FOR.SETCOUNTER
CheckWin.11.FOR
FOR.SETCOUNTER
CheckWin.11.FOR
FOR.SETCOUNTER
CheckWin.11.FOR
FOR.SETCOUNTER
CheckWin.11.FOR
FOR.SETCOUNTER
CheckWin.11.FOR
FOR.SETCOUNTER
CheckWin.11.FOR
FOR.SETCOUNTER
CheckWin.11.FOR
FOR.SETCOUNTER
CheckWin.11.FOR
FOR.SETCOUNTER
CheckWin.11.FOR
CheckWin.19.IF.ELSE
FOR.SETCOUNTER
CheckWin.20.FOR.6.IF.THEN.0.IF.THEN
CheckWin.20.FOR.6.IF.THEN
CheckWin.20.FOR
FOR.SETCOUNTER
CheckWin.20.FOR.6.IF.THEN.0.IF.ELSE
CheckWin.20.FOR.6.IF.THEN
CheckWin.20.FOR
CheckWin.24.IF.THEN
FOR.SETCOUNTER
CheckWin.25.FOR.6.IF.THEN.0.IF.THEN
CheckWin.25.FOR.6.IF.THEN
CheckWin.25.FOR
FOR.SETCOUNTER
CheckWin.25.FOR.6.IF.THEN.0.IF.ELSE
CheckWin.25.FOR.6.IF.THEN
CheckWin.25.FOR
FOR.SETCOUNTER
CheckWin.25.FOR
FOR.SETCOUNTER
CheckWin.25.FOR
FOR.SETCOUNTER
CheckWin.25.FOR
CheckWin.32.IF.THEN
FOR.SETCOUNTER
CheckWin.33.FOR.6.IF.THEN.0.IF.THEN
CheckWin.33.FOR.6.IF.THEN
CheckWin.33.FOR
FOR.SETCOUNTER
CheckWin.33.FOR.6.IF.THEN.0.IF.ELSE
CheckWin.33.FOR.6.IF.THEN
CheckWin.33.FOR
FOR.SETCOUNTER
CheckWin.33.FOR
FOR.SETCOUNTER
CheckWin.33.FOR
FOR.SETCOUNTER
CheckWin.33.FOR
FOR.SETCOUNTER
CheckWin.33.FOR
FOR.SETCOUNTER
CheckWin.33.FOR
CheckWin.38.IF.ELSE
FOR.SETCOUNTER
CheckWin.39.FOR.6.IF.THEN.0.IF.THEN
CheckWin.39.FOR.6.IF.THEN
CheckWin.39.FOR
FOR.SETCOUNTER
CheckWin.39.FOR.6.IF.THEN.0.IF.ELSE
CheckWin.39.FOR.6.IF.THEN
CheckWin.39.FOR
CheckWin
SetBlock.1.IF.THEN
SetBlock
MousePressed.0.IF.THEN
MousePressed
FOR.SETCOUNTER
SetBlock.0.IF.THEN.0.FOR.0.IF.THEN.0.IF.THEN
SetBlock.0.IF.THEN.0.FOR.0.IF.THEN
SetBlock.0.IF.THEN.0.FOR
FOR.SETCOUNTER
SetBlock.0.IF.THEN.0.FOR.0.IF.THEN.0.IF.THEN
SetBlock.0.IF.THEN.0.FOR.0.IF.THEN
SetBlock.0.IF.THEN.0.FOR
FOR.SETCOUNTER
SetBlock.0.IF.THEN.0.FOR.0.IF.THEN.0.IF.THEN
SetBlock.0.IF.THEN.0.FOR.0.IF.THEN
SetBlock.0.IF.THEN.0.FOR
FOR.SETCOUNTER
SetBlock.0.IF.THEN.0.FOR.0.IF.THEN.0.IF.THEN
SetBlock.0.IF.THEN.0.FOR.0.IF.THEN
SetBlock.0.IF.THEN.0.FOR
FOR.SETCOUNTER
SetBlock.0.IF.THEN.0.FOR.0.IF.THEN.0.IF.THEN
SetBlock.0.IF.THEN.0.FOR.0.IF.THEN
SetBlock.0.IF.THEN.0.FOR
FOR.SETCOUNTER
SetBlock.0.IF.THEN.0.FOR.0.IF.THEN.0.IF.THEN
SetBlock.0.IF.THEN.0.FOR.0.IF.THEN
SetBlock.0.IF.THEN.0.FOR
FOR.SETCOUNTER
SetBlock.0.IF.THEN.0.FOR.0.IF.THEN.0.IF.THEN
SetBlock.0.IF.THEN.0.FOR.0.IF.THEN
SetBlock.0.IF.THEN.0.FOR
FOR.SETCOUNTER
SetBlock.0.IF.THEN.0.FOR.0.IF.THEN.0.IF.THEN
SetBlock.0.IF.THEN.0.FOR.0.IF.THEN
SetBlock.0.IF.THEN.0.FOR
FOR.SETCOUNTER
SetBlock.0.IF.THEN.0.FOR.0.IF.THEN.0.IF.THEN
SetBlock.0.IF.THEN.0.FOR.0.IF.THEN
SetBlock.0.IF.THEN.0.FOR
FOR.SETCOUNTER
SetBlock.0.IF.THEN.0.FOR.0.IF.THEN.0.IF.THEN
SetBlock.0.IF.THEN.0.FOR.0.IF.THEN
SetBlock.0.IF.THEN.0.FOR
FOR.SETCOUNTER
SetBlock.0.IF.THEN.0.FOR.0.IF.THEN.0.IF.THEN
SetBlock.0.IF.THEN.0.FOR.0.IF.THEN
SetBlock.0.IF.THEN.0.FOR
FOR.SETCOUNTER
SetBlock.0.IF.THEN.0.FOR.0.IF.THEN.0.IF.THEN
SetBlock.0.IF.THEN.0.FOR.0.IF.THEN
SetBlock.0.IF.THEN.0.FOR
SetBlock.0.IF.THEN
TogglePlayer.1.IF.ELSE
TogglePlayer
SetBlock.1.IF.THEN.0.IF.THEN
CheckWin.2.IF.ELSE
FOR.SETCOUNTER
CheckWin.3.FOR.0.IF.THEN.0.IF.THEN
CheckWin.3.FOR.0.IF.THEN
CheckWin.3.FOR
FOR.SETCOUNTER
CheckWin.3.FOR.0.IF.THEN.0.IF.ELSE
CheckWin.3.FOR.0.IF.THEN
CheckWin.3.FOR
FOR.SETCOUNTER
CheckWin.3.FOR
FOR.SETCOUNTER
CheckWin.3.FOR
FOR.SETCOUNTER
CheckWin.3.FOR
FOR.SETCOUNTER
CheckWin.3.FOR
FOR.SETCOUNTER
CheckWin.3.FOR
FOR.SETCOUNTER
CheckWin.3.FOR
FOR.SETCOUNTER
CheckWin.5.FOR.0.IF.THEN.0.IF.THEN
CheckWin.5.FOR.0.IF.THEN
CheckWin.5.FOR
FOR.SETCOUNTER
CheckWin.5.FOR.0.IF.THEN.0.IF.ELSE
CheckWin.5.FOR.0.IF.THEN
CheckWin.5.FOR
FOR.SETCOUNTER
CheckWin.5.FOR
FOR.SETCOUNTER
CheckWin.5.FOR
FOR.SETCOUNTER
CheckWin.5.FOR
FOR.SETCOUNTER
CheckWin.9.FOR.0.IF.THEN.0.IF.THEN
CheckWin.9.FOR.0.IF.THEN
CheckWin.9.FOR
FOR.SETCOUNTER
CheckWin.11.FOR.0.IF.THEN.0.IF.THEN
CheckWin.11.FOR.0.IF.THEN
CheckWin.11.FOR
FOR.SETCOUNTER
CheckWin.11.FOR.0.IF.THEN.0.IF.ELSE
CheckWin.11.FOR.0.IF.THEN
CheckWin.11.FOR
FOR.SETCOUNTER
CheckWin.11.FOR
FOR.SETCOUNTER
CheckWin.11.FOR
FOR.SETCOUNTER
CheckWin.11.FOR
FOR.SETCOUNTER
CheckWin.11.FOR
FOR.SETCOUNTER
CheckWin.11.FOR
FOR.SETCOUNTER
CheckWin.11.FOR
FOR.SETCOUNTER
CheckWin.11.FOR
FOR.SETCOUNTER
CheckWin.11.FOR
FOR.SETCOUNTER
CheckWin.11.FOR
FOR.SETCOUNTER
CheckWin.11.FOR
CheckWin.19.IF.ELSE
FOR.SETCOUNTER
CheckWin.20.FOR.6.IF.THEN.0.IF.THEN
CheckWin.20.FOR.6.IF.THEN
CheckWin.20.FOR
CheckWin.24.IF.THEN
FOR.SETCOUNTER
CheckWin.25.FOR.6.IF.THEN.0.IF.THEN
CheckWin.25.FOR.6.IF.THEN
CheckWin.25.FOR
FOR.SETCOUNTER
CheckWin.25.FOR.6.IF.THEN.0.IF.ELSE
CheckWin.25.FOR.6.IF.THEN
CheckWin.25.FOR
FOR.SETCOUNTER
CheckWin.25.FOR
FOR.SETCOUNTER
CheckWin.25.FOR
CheckWin.32.IF.THEN
FOR.SETCOUNTER
CheckWin.33.FOR.6.IF.THEN.0.IF.THEN
CheckWin.33.FOR.6.IF.THEN
CheckWin.33.FOR
FOR.SETCOUNTER
CheckWin.33.FOR.6.IF.THEN.0.IF.ELSE
CheckWin.33.FOR.6.IF.THEN
CheckWin.33.FOR
FOR.SETCOUNTER
CheckWin.33.FOR
FOR.SETCOUNTER
CheckWin.33.FOR
FOR.SETCOUNTER
CheckWin.33.FOR
FOR.SETCOUNTER
CheckWin.33.FOR
FOR.SETCOUNTER
CheckWin.33.FOR
FOR.SETCOUNTER
CheckWin.33.FOR
CheckWin.38.IF.ELSE
FOR.SETCOUNTER
CheckWin.39.FOR.6.IF.THEN.0.IF.THEN
CheckWin.39.FOR.6.IF.THEN
CheckWin.39.FOR
CheckWin
SetBlock.1.IF.THEN
SetBlock
MousePressed.0.IF.THEN
MousePressed
FOR.SETCOUNTER
SetBlock.0.IF.THEN.0.FOR.0.IF.THEN.0.IF.THEN
SetBlock.0.IF.THEN.0.FOR.0.IF.THEN
SetBlock.0.IF.THEN.0.FOR
FOR.SETCOUNTER
SetBlock.0.IF.THEN.0.FOR.0.IF.THEN.0.IF.THEN
SetBlock.0.IF.THEN.0.FOR.0.IF.THEN
SetBlock.0.IF.THEN.0.FOR
FOR.SETCOUNTER
SetBlock.0.IF.THEN.0.FOR.0.IF.THEN.0.IF.THEN
SetBlock.0.IF.THEN.0.FOR.0.IF.THEN
SetBlock.0.IF.THEN.0.FOR
FOR.SETCOUNTER
SetBlock.0.IF.THEN.0.FOR.0.IF.THEN.0.IF.THEN
SetBlock.0.IF.THEN.0.FOR.0.IF.THEN
SetBlock.0.IF.THEN.0.FOR
FOR.SETCOUNTER
SetBlock.0.IF.THEN.0.FOR.0.IF.THEN.0.IF.THEN
SetBlock.0.IF.THEN.0.FOR.0.IF.THEN
SetBlock.0.IF.THEN.0.FOR
FOR.SETCOUNTER
SetBlock.0.IF.THEN.0.FOR.0.IF.THEN.0.IF.THEN
SetBlock.0.IF.THEN.0.FOR.0.IF.THEN
SetBlock.0.IF.THEN.0.FOR
FOR.SETCOUNTER
SetBlock.0.IF.THEN.0.FOR.0.IF.THEN.0.IF.THEN
SetBlock.0.IF.THEN.0.FOR.0.IF.THEN
SetBlock.0.IF.THEN.0.FOR
FOR.SETCOUNTER
SetBlock.0.IF.THEN.0.FOR.0.IF.THEN.0.IF.THEN
SetBlock.0.IF.THEN.0.FOR.0.IF.THEN
SetBlock.0.IF.THEN.0.FOR
FOR.SETCOUNTER
SetBlock.0.IF.THEN.0.FOR.0.IF.THEN.0.IF.THEN
SetBlock.0.IF.THEN.0.FOR.0.IF.THEN
SetBlock.0.IF.THEN.0.FOR
FOR.SETCOUNTER
SetBlock.0.IF.THEN.0.FOR.0.IF.THEN.0.IF.THEN
SetBlock.0.IF.THEN.0.FOR.0.IF.THEN
SetBlock.0.IF.THEN.0.FOR
FOR.SETCOUNTER
SetBlock.0.IF.THEN.0.FOR.0.IF.THEN.0.IF.ELSE
SetBlock.0.IF.THEN.0.FOR.0.IF.THEN
SetBlock.0.IF.THEN.0.FOR
FOR.SETCOUNTER
SetBlock.0.IF.THEN.0.FOR
SetBlock.0.IF.THEN
TogglePlayer.1.IF.THEN
TogglePlayer
SetBlock.1.IF.THEN.0.IF.ELSE
CheckWin.2.IF.THEN
FOR.SETCOUNTER
CheckWin.3.FOR.0.IF.THEN.0.IF.THEN
CheckWin.3.FOR.0.IF.THEN
CheckWin.3.FOR
FOR.SETCOUNTER
CheckWin.3.FOR.0.IF.THEN.0.IF.ELSE
CheckWin.3.FOR.0.IF.THEN
CheckWin.3.FOR
FOR.SETCOUNTER
CheckWin.3.FOR
FOR.SETCOUNTER
CheckWin.3.FOR
FOR.SETCOUNTER
CheckWin.3.FOR
FOR.SETCOUNTER
CheckWin.3.FOR
FOR.SETCOUNTER
CheckWin.3.FOR
FOR.SETCOUNTER
CheckWin.5.FOR.0.IF.THEN.0.IF.THEN
CheckWin.5.FOR.0.IF.THEN
CheckWin.5.FOR
FOR.SETCOUNTER
CheckWin.5.FOR.0.IF.THEN.0.IF.ELSE
CheckWin.5.FOR.0.IF.THEN
CheckWin.5.FOR
FOR.SETCOUNTER
CheckWin.5.FOR
FOR.SETCOUNTER
CheckWin.5.FOR
FOR.SETCOUNTER
CheckWin.5.FOR
FOR.SETCOUNTER
CheckWin.5.FOR
FOR.SETCOUNTER
CheckWin.9.FOR.0.IF.THEN.0.IF.THEN
CheckWin.9.FOR.0.IF.THEN
CheckWin.9.FOR
FOR.SETCOUNTER
CheckWin.9.FOR.0.IF.THEN.0.IF.THEN
CheckWin.9.FOR.0.IF.THEN
CheckWin.9.FOR
FOR.SETCOUNTER
CheckWin.9.FOR.0.IF.THEN.0.IF.THEN
CheckWin.9.FOR.0.IF.THEN
CheckWin.9.FOR
FOR.SETCOUNTER
CheckWin.11.FOR.0.IF.THEN.0.IF.THEN
CheckWin.11.FOR.0.IF.THEN
CheckWin.11.FOR
FOR.SETCOUNTER
CheckWin.11.FOR.0.IF.THEN.0.IF.ELSE
CheckWin.11.FOR.0.IF.THEN
CheckWin.11.FOR
FOR.SETCOUNTER
CheckWin.11.FOR
FOR.SETCOUNTER
CheckWin.11.FOR
FOR.SETCOUNTER
CheckWin.11.FOR
FOR.SETCOUNTER
CheckWin.11.FOR
FOR.SETCOUNTER
CheckWin.11.FOR
FOR.SETCOUNTER
CheckWin.11.FOR
FOR.SETCOUNTER
CheckWin.11.FOR
FOR.SETCOUNTER
CheckWin.11.FOR
CheckWin.19.IF.ELSE
FOR.SETCOUNTER
CheckWin.20.FOR.6.IF.THEN.0.IF.THEN
CheckWin.20.FOR.6.IF.THEN
CheckWin.20.FOR
FOR.SETCOUNTER
CheckWin.20.FOR.6.IF.THEN.0.IF.ELSE
CheckWin.20.FOR.6.IF.THEN
CheckWin.20.FOR
FOR.SETCOUNTER
CheckWin.20.FOR
CheckWin.24.IF.THEN
FOR.SETCOUNTER
CheckWin.25.FOR.6.IF.THEN.0.IF.THEN
CheckWin.25.FOR.6.IF.THEN
CheckWin.25.FOR
FOR.SETCOUNTER
CheckWin.25.FOR.6.IF.THEN.0.IF.ELSE
CheckWin.25.FOR.6.IF.THEN
CheckWin.25.FOR
FOR.SETCOUNTER
CheckWin.25.FOR
FOR.SETCOUNTER
CheckWin.25.FOR
FOR.SETCOUNTER
CheckWin.25.FOR
CheckWin.32.IF.THEN
FOR.SETCOUNTER
CheckWin.33.FOR.6.IF.THEN.0.IF.THEN
CheckWin.33.FOR.6.IF.THEN
CheckWin.33.FOR
FOR.SETCOUNTER
CheckWin.33.FOR.6.IF.THEN.0.IF.ELSE
CheckWin.33.FOR.6.IF.THEN
CheckWin.33.FOR
FOR.SETCOUNTER
CheckWin.33.FOR
FOR.SETCOUNTER
CheckWin.33.FOR
FOR.SETCOUNTER
CheckWin.33.FOR
FOR.SETCOUNTER
CheckWin.33.FOR
FOR.SETCOUNTER
CheckWin.33.FOR
CheckWin.38.IF.ELSE
FOR.SETCOUNTER
CheckWin.39.FOR.6.IF.THEN.0.IF.THEN
CheckWin.39.FOR.6.IF.THEN
CheckWin.39.FOR
FOR.SETCOUNTER
CheckWin.39.FOR.6.IF.THEN.0.IF.ELSE
CheckWin.39.FOR.6.IF.THEN
CheckWin.39.FOR
FOR.SETCOUNTER
CheckWin.39.FOR
CheckWin
SetBlock.1.IF.THEN
SetBlock
MousePressed.0.IF.THEN
MousePressed
FOR.SETCOUNTER
SetBlock.0.IF.THEN.0.FOR.0.IF.THEN.0.IF.THEN
SetBlock.0.IF.THEN.0.FOR.0.IF.THEN
SetBlock.0.IF.THEN.0.FOR
FOR.SETCOUNTER
SetBlock.0.IF.THEN.0.FOR.0.IF.THEN.0.IF.THEN
SetBlock.0.IF.THEN.0.FOR.0.IF.THEN
SetBlock.0.IF.THEN.0.FOR
FOR.SETCOUNTER
SetBlock.0.IF.THEN.0.FOR.0.IF.THEN.0.IF.THEN
SetBlock.0.IF.THEN.0.FOR.0.IF.THEN
SetBlock.0.IF.THEN.0.FOR
FOR.SETCOUNTER
SetBlock.0.IF.THEN.0.FOR.0.IF.THEN.0.IF.THEN
SetBlock.0.IF.THEN.0.FOR.0.IF.THEN
SetBlock.0.IF.THEN.0.FOR
FOR.SETCOUNTER
SetBlock.0.IF.THEN.0.FOR.0.IF.THEN.0.IF.THEN
SetBlock.0.IF.THEN.0.FOR.0.IF.THEN
SetBlock.0.IF.THEN.0.FOR
FOR.SETCOUNTER
SetBlock.0.IF.THEN.0.FOR.0.IF.THEN.0.IF.THEN
SetBlock.0.IF.THEN.0.FOR.0.IF.THEN
SetBlock.0.IF.THEN.0.FOR
FOR.SETCOUNTER
SetBlock.0.IF.THEN.0.FOR.0.IF.THEN.0.IF.THEN
SetBlock.0.IF.THEN.0.FOR.0.IF.THEN
SetBlock.0.IF.THEN.0.FOR
FOR.SETCOUNTER
SetBlock.0.IF.THEN.0.FOR.0.IF.THEN.0.IF.THEN
SetBlock.0.IF.THEN.0.FOR.0.IF.THEN
SetBlock.0.IF.THEN.0.FOR
FOR.SETCOUNTER
SetBlock.0.IF.THEN.0.FOR.0.IF.THEN.0.IF.THEN
SetBlock.0.IF.THEN.0.FOR.0.IF.THEN
SetBlock.0.IF.THEN.0.FOR
FOR.SETCOUNTER
SetBlock.0.IF.THEN.0.FOR.0.IF.THEN.0.IF.THEN
SetBlock.0.IF.THEN.0.FOR.0.IF.THEN
SetBlock.0.IF.THEN.0.FOR
FOR.SETCOUNTER
SetBlock.0.IF.THEN.0.FOR.0.IF.THEN.0.IF.THEN
SetBlock.0.IF.THEN.0.FOR.0.IF.THEN
SetBlock.0.IF.THEN.0.FOR
FOR.SETCOUNTER
SetBlock.0.IF.THEN.0.FOR.0.IF.THEN.0.IF.THEN
SetBlock.0.IF.THEN.0.FOR.0.IF.THEN
SetBlock.0.IF.THEN.0.FOR
SetBlock.0.IF.THEN
TogglePlayer.1.IF.ELSE
TogglePlayer
SetBlock.1.IF.THEN.0.IF.THEN
CheckWin.2.IF.ELSE
FOR.SETCOUNTER
CheckWin.3.FOR.0.IF.THEN.0.IF.THEN
CheckWin.3.FOR.0.IF.THEN
CheckWin.3.FOR
FOR.SETCOUNTER
CheckWin.3.FOR.0.IF.THEN.0.IF.THEN
CheckWin.3.FOR.0.IF.THEN
CheckWin.3.FOR
FOR.SETCOUNTER
CheckWin.3.FOR.0.IF.THEN.0.IF.ELSE
CheckWin.3.FOR.0.IF.THEN
CheckWin.3.FOR
FOR.SETCOUNTER
CheckWin.3.FOR
FOR.SETCOUNTER
CheckWin.3.FOR
FOR.SETCOUNTER
CheckWin.3.FOR
FOR.SETCOUNTER
CheckWin.3.FOR
FOR.SETCOUNTER
CheckWin.3.FOR
FOR.SETCOUNTER
CheckWin.3.FOR
FOR.SETCOUNTER
CheckWin.5.FOR.0.IF.THEN.0.IF.THEN
CheckWin.5.FOR.0.IF.THEN
CheckWin.5.FOR
FOR.SETCOUNTER
CheckWin.5.FOR.0.IF.THEN.0.IF.THEN
CheckWin.5.FOR.0.IF.THEN
CheckWin.5.FOR
FOR.SETCOUNTER
CheckWin.5.FOR.0.IF.THEN.0.IF.ELSE
CheckWin.5.FOR.0.IF.THEN
CheckWin.5.FOR
FOR.SETCOUNTER
CheckWin.5.FOR
FOR.SETCOUNTER
CheckWin.9.FOR.0.IF.THEN.0.IF.THEN
CheckWin.9.FOR.0.IF.THEN
CheckWin.9.FOR
FOR.SETCOUNTER
CheckWin.11.FOR.0.IF.THEN.0.IF.THEN
CheckWin.11.FOR.0.IF.THEN
CheckWin.11.FOR
FOR.SETCOUNTER
CheckWin.11.FOR.0.IF.THEN.0.IF.ELSE
CheckWin.11.FOR.0.IF.THEN
CheckWin.11.FOR
FOR.SETCOUNTER
CheckWin.11.FOR
FOR.SETCOUNTER
CheckWin.11.FOR
FOR.SETCOUNTER
CheckWin.11.FOR
FOR.SETCOUNTER
CheckWin.11.FOR
FOR.SETCOUNTER
CheckWin.11.FOR
FOR.SETCOUNTER
CheckWin.11.FOR
FOR.SETCOUNTER
CheckWin.11.FOR
FOR.SETCOUNTER
CheckWin.11.FOR
FOR.SETCOUNTER
CheckWin.11.FOR
FOR.SETCOUNTER
CheckWin.11.FOR
CheckWin.19.IF.ELSE
FOR.SETCOUNTER
CheckWin.20.FOR.6.IF.THEN.0.IF.THEN
CheckWin.20.FOR.6.IF.THEN
CheckWin.20.FOR
CheckWin.24.IF.THEN
FOR.SETCOUNTER
CheckWin.25.FOR.6.IF.THEN.0.IF.THEN
CheckWin.25.FOR.6.IF.THEN
CheckWin.25.FOR
FOR.SETCOUNTER
CheckWin.25.FOR.6.IF.THEN.0.IF.ELSE
CheckWin.25.FOR.6.IF.THEN
CheckWin.25.FOR
FOR.SETCOUNTER
CheckWin.25.FOR
CheckWin.32.IF.THEN
FOR.SETCOUNTER
CheckWin.33.FOR.6.IF.THEN.0.IF.THEN
CheckWin.33.FOR.6.IF.THEN
CheckWin.33.FOR
FOR.SETCOUNTER
CheckWin.33.FOR.6.IF.THEN.0.IF.ELSE
CheckWin.33.FOR.6.IF.THEN
CheckWin.33.FOR
FOR.SETCOUNTER
CheckWin.33.FOR
FOR.SETCOUNTER
CheckWin.33.FOR
FOR.SETCOUNTER
CheckWin.33.FOR
FOR.SETCOUNTER
CheckWin.33.FOR
FOR.SETCOUNTER
CheckWin.33.FOR
FOR.SETCOUNTER
CheckWin.33.FOR
FOR.SETCOUNTER
CheckWin.33.FOR
CheckWin.38.IF.ELSE
FOR.SETCOUNTER
CheckWin.39.FOR.6.IF.THEN.0.IF.THEN
CheckWin.39.FOR.6.IF.THEN
CheckWin.39.FOR
CheckWin
SetBlock.1.IF.THEN
SetBlock
MousePressed.0.IF.THEN
MousePressed
FOR.SETCOUNTER
SetBlock.0.IF.THEN.0.FOR.0.IF.THEN.0.IF.THEN
SetBlock.0.IF.THEN.0.FOR.0.IF.THEN
SetBlock.0.IF.THEN.0.FOR
FOR.SETCOUNTER
SetBlock.0.IF.THEN.0.FOR.0.IF.THEN.0.IF.THEN
SetBlock.0.IF.THEN.0.FOR.0.IF.THEN
SetBlock.0.IF.THEN.0.FOR
FOR.SETCOUNTER
SetBlock.0.IF.THEN.0.FOR.0.IF.THEN.0.IF.THEN
SetBlock.0.IF.THEN.0.FOR.0.IF.THEN
SetBlock.0.IF.THEN.0.FOR
FOR.SETCOUNTER
SetBlock.0.IF.THEN.0.FOR.0.IF.THEN.0.IF.THEN
SetBlock.0.IF.THEN.0.FOR.0.IF.THEN
SetBlock.0.IF.THEN.0.FOR
FOR.SETCOUNTER
SetBlock.0.IF.THEN.0.FOR.0.IF.THEN.0.IF.THEN
SetBlock.0.IF.THEN.0.FOR.0.IF.THEN
SetBlock.0.IF.THEN.0.FOR
FOR.SETCOUNTER
SetBlock.0.IF.THEN.0.FOR.0.IF.THEN.0.IF.THEN
SetBlock.0.IF.THEN.0.FOR.0.IF.THEN
SetBlock.0.IF.THEN.0.FOR
FOR.SETCOUNTER
SetBlock.0.IF.THEN.0.FOR.0.IF.THEN.0.IF.THEN
SetBlock.0.IF.THEN.0.FOR.0.IF.THEN
SetBlock.0.IF.THEN.0.FOR
FOR.SETCOUNTER
SetBlock.0.IF.THEN.0.FOR.0.IF.THEN.0.IF.THEN
SetBlock.0.IF.THEN.0.FOR.0.IF.THEN
SetBlock.0.IF.THEN.0.FOR
FOR.SETCOUNTER
SetBlock.0.IF.THEN.0.FOR.0.IF.THEN.0.IF.THEN
SetBlock.0.IF.THEN.0.FOR.0.IF.THEN
SetBlock.0.IF.THEN.0.FOR
FOR.SETCOUNTER
SetBlock.0.IF.THEN.0.FOR.0.IF.THEN.0.IF.ELSE
SetBlock.0.IF.THEN.0.FOR.0.IF.THEN
SetBlock.0.IF.THEN.0.FOR
FOR.SETCOUNTER
SetBlock.0.IF.THEN.0.FOR
FOR.SETCOUNTER
SetBlock.0.IF.THEN.0.FOR
SetBlock.0.IF.THEN
TogglePlayer.1.IF.THEN
TogglePlayer
SetBlock.1.IF.THEN.0.IF.ELSE
CheckWin.2.IF.THEN
FOR.SETCOUNTER
CheckWin.3.FOR.0.IF.THEN.0.IF.THEN
CheckWin.3.FOR.0.IF.THEN
CheckWin.3.FOR
FOR.SETCOUNTER
CheckWin.3.FOR.0.IF.THEN.0.IF.ELSE
CheckWin.3.FOR.0.IF.THEN
CheckWin.3.FOR
FOR.SETCOUNTER
CheckWin.3.FOR
FOR.SETCOUNTER
CheckWin.3.FOR
FOR.SETCOUNTER
CheckWin.3.FOR
FOR.SETCOUNTER
CheckWin.3.FOR
FOR.SETCOUNTER
CheckWin.3.FOR
FOR.SETCOUNTER
CheckWin.5.FOR.0.IF.THEN.0.IF.THEN
CheckWin.5.FOR.0.IF.THEN
CheckWin.5.FOR
FOR.SETCOUNTER
CheckWin.5.FOR.0.IF.THEN.0.IF.ELSE
CheckWin.5.FOR.0.IF.THEN
CheckWin.5.FOR
FOR.SETCOUNTER
CheckWin.5.FOR
FOR.SETCOUNTER
CheckWin.5.FOR
FOR.SETCOUNTER
CheckWin.5.FOR
FOR.SETCOUNTER
CheckWin.5.FOR
FOR.SETCOUNTER
CheckWin.9.FOR.0.IF.THEN.0.IF.THEN
CheckWin.9.FOR.0.IF.THEN
CheckWin.9.FOR
FOR.SETCOUNTER
CheckWin.9.FOR.0.IF.THEN.0.IF.THEN
CheckWin.9.FOR.0.IF.THEN
CheckWin.9.FOR
FOR.SETCOUNTER
CheckWin.9.FOR.0.IF.THEN.0.IF.THEN
CheckWin.9.FOR.0.IF.THEN
CheckWin.9.FOR
FOR.SETCOUNTER
CheckWin.9.FOR.0.IF.THEN.0.IF.THEN
CheckWin.9.FOR.0.IF.THEN
CheckWin.9.FOR
FOR.SETCOUNTER
CheckWin.11.FOR.0.IF.THEN.0.IF.THEN
CheckWin.11.FOR.0.IF.THEN
CheckWin.11.FOR
FOR.SETCOUNTER
CheckWin.11.FOR.0.IF.THEN.0.IF.ELSE
CheckWin.11.FOR.0.IF.THEN
CheckWin.11.FOR
FOR.SETCOUNTER
CheckWin.11.FOR
FOR.SETCOUNTER
CheckWin.11.FOR
FOR.SETCOUNTER
CheckWin.11.FOR
FOR.SETCOUNTER
CheckWin.11.FOR
FOR.SETCOUNTER
CheckWin.11.FOR
FOR.SETCOUNTER
CheckWin.11.FOR
FOR.SETCOUNTER
CheckWin.11.FOR
FOR.SETCOUNTER
FOR.SETCOUNTER
Win.1.FOR.0.FOR
FOR.SETCOUNTER
Win.1.FOR.0.FOR
FOR.SETCOUNTER
Win.1.FOR.0.FOR
FOR.SETCOUNTER
Win.1.FOR.0.FOR
FOR.SETCOUNTER
Win.1.FOR.0.FOR
FOR.SETCOUNTER
Win.1.FOR.0.FOR
FOR.SETCOUNTER
Win.1.FOR.0.FOR
FOR.SETCOUNTER
Win.1.FOR.0.FOR
FOR.SETCOUNTER
Win.1.FOR.0.FOR
FOR.SETCOUNTER
Win.1.FOR.0.FOR
FOR.SETCOUNTER
Win.1.FOR.0.FOR
FOR.SETCOUNTER
Win.1.FOR.0.FOR
Win.1.FOR
FOR.SETCOUNTER
FOR.SETCOUNTER
Win.1.FOR.0.FOR
FOR.SETCOUNTER
Win.1.FOR.0.FOR
FOR.SETCOUNTER
Win.1.FOR.0.FOR
FOR.SETCOUNTER
Win.1.FOR.0.FOR
FOR.SETCOUNTER
Win.1.FOR.0.FOR
FOR.SETCOUNTER
Win.1.FOR.0.FOR
FOR.SETCOUNTER
Win.1.FOR.0.FOR
FOR.SETCOUNTER
Win.1.FOR.0.FOR
FOR.SETCOUNTER
Win.1.FOR.0.FOR
FOR.SETCOUNTER
Win.1.FOR.0.FOR
FOR.SETCOUNTER
Win.1.FOR.0.FOR
FOR.SETCOUNTER
Win.1.FOR.0.FOR
Win.1.FOR
FOR.SETCOUNTER
FOR.SETCOUNTER
Win.1.FOR.0.FOR
FOR.SETCOUNTER
Win.1.FOR.0.FOR
FOR.SETCOUNTER
Win.1.FOR.0.FOR
FOR.SETCOUNTER
Win.1.FOR.0.FOR
FOR.SETCOUNTER
Win.1.FOR.0.FOR
FOR.SETCOUNTER
Win.1.FOR.0.FOR
FOR.SETCOUNTER
Win.1.FOR.0.FOR
FOR.SETCOUNTER
Win.1.FOR.0.FOR
FOR.SETCOUNTER
Win.1.FOR.0.FOR
FOR.SETCOUNTER
Win.1.FOR.0.FOR
FOR.SETCOUNTER
Win.1.FOR.0.FOR
FOR.SETCOUNTER
Win.1.FOR.0.FOR
Win.1.FOR
FOR.SETCOUNTER
FOR.SETCOUNTER
Win.1.FOR.0.FOR
FOR.SETCOUNTER
Win.1.FOR.0.FOR
FOR.SETCOUNTER
Win.1.FOR.0.FOR
FOR.SETCOUNTER
Win.1.FOR.0.FOR
FOR.SETCOUNTER
Win.1.FOR.0.FOR
FOR.SETCOUNTER
Win.1.FOR.0.FOR
FOR.SETCOUNTER
Win.1.FOR.0.FOR
FOR.SETCOUNTER
Win.1.FOR.0.FOR
FOR.SETCOUNTER
Win.1.FOR.0.FOR
FOR.SETCOUNTER
Win.1.FOR.0.FOR
FOR.SETCOUNTER
Win.1.FOR.0.FOR
FOR.SETCOUNTER
Win.1.FOR.0.FOR
Win.1.FOR
FOR.SETCOUNTER
FOR.SETCOUNTER
Win.1.FOR.0.FOR
FOR.SETCOUNTER
Win.1.FOR.0.FOR
FOR.SETCOUNTER
Win.1.FOR.0.FOR
FOR.SETCOUNTER
Win.1.FOR.0.FOR
FOR.SETCOUNTER
Win.1.FOR.0.FOR
FOR.SETCOUNTER
Win.1.FOR.0.FOR
FOR.SETCOUNTER
Win.1.FOR.0.FOR
FOR.SETCOUNTER
Win.1.FOR.0.FOR
FOR.SETCOUNTER
Win.1.FOR.0.FOR
FOR.SETCOUNTER
Win.1.FOR.0.FOR
FOR.SETCOUNTER
Win.1.FOR.0.FOR
FOR.SETCOUNTER
Win.1.FOR.0.FOR
Win.1.FOR
FOR.SETCOUNTER
FOR.SETCOUNTER
Win.1.FOR.0.FOR
FOR.SETCOUNTER
Win.1.FOR.0.FOR
FOR.SETCOUNTER
Win.1.FOR.0.FOR
FOR.SETCOUNTER
Win.1.FOR.0.FOR
FOR.SETCOUNTER
Win.1.FOR.0.FOR
FOR.SETCOUNTER
Win.1.FOR.0.FOR
FOR.SETCOUNTER
Win.1.FOR.0.FOR
FOR.SETCOUNTER
Win.1.FOR.0.FOR
FOR.SETCOUNTER
Win.1.FOR.0.FOR
FOR.SETCOUNTER
Win.1.FOR.0.FOR
FOR.SETCOUNTER
Win.1.FOR.0.FOR
FOR.SETCOUNTER
Win.1.FOR.0.FOR
Win.1.FOR
FOR.SETCOUNTER
FOR.SETCOUNTER
Win.1.FOR.0.FOR
FOR.SETCOUNTER
Win.1.FOR.0.FOR
FOR.SETCOUNTER
Win.1.FOR.0.FOR
FOR.SETCOUNTER
Win.1.FOR.0.FOR
FOR.SETCOUNTER
Win.1.FOR.0.FOR
FOR.SETCOUNTER
Win.1.FOR.0.FOR
FOR.SETCOUNTER
Win.1.FOR.0.FOR
FOR.SETCOUNTER
Win.1.FOR.0.FOR
FOR.SETCOUNTER
Win.1.FOR.0.FOR
FOR.SETCOUNTER
Win.1.FOR.0.FOR
FOR.SETCOUNTER
Win.1.FOR.0.FOR
FOR.SETCOUNTER
Win.1.FOR.0.FOR
Win.1.FOR
FOR.SETCOUNTER
FOR.SETCOUNTER
Win.1.FOR.0.FOR
FOR.SETCOUNTER
Win.1.FOR.0.FOR
FOR.SETCOUNTER
Win.1.FOR.0.FOR
FOR.SETCOUNTER
Win.1.FOR.0.FOR
FOR.SETCOUNTER
Win.1.FOR.0.FOR
FOR.SETCOUNTER
Win.1.FOR.0.FOR
FOR.SETCOUNTER
Win.1.FOR.0.FOR
FOR.SETCOUNTER
Win.1.FOR.0.FOR
FOR.SETCOUNTER
Win.1.FOR.0.FOR
FOR.SETCOUNTER
Win.1.FOR.0.FOR
FOR.SETCOUNTER
Win.1.FOR.0.FOR
FOR.SETCOUNTER
Win.1.FOR.0.FOR
Win.1.FOR
FOR.SETCOUNTER
FOR.SETCOUNTER
Win.1.FOR.0.FOR
FOR.SETCOUNTER
Win.1.FOR.0.FOR
FOR.SETCOUNTER
Win.1.FOR.0.FOR
FOR.SETCOUNTER
Win.1.FOR.0.FOR
FOR.SETCOUNTER
Win.1.FOR.0.FOR
FOR.SETCOUNTER
Win.1.FOR.0.FOR
FOR.SETCOUNTER
Win.1.FOR.0.FOR
FOR.SETCOUNTER
Win.1.FOR.0.FOR
FOR.SETCOUNTER
Win.1.FOR.0.FOR
FOR.SETCOUNTER
Win.1.FOR.0.FOR
FOR.SETCOUNTER
Win.1.FOR.0.FOR
FOR.SETCOUNTER
Win.1.FOR.0.FOR
Win.1.FOR
FOR.SETCOUNTER
FOR.SETCOUNTER
Win.1.FOR.0.FOR
FOR.SETCOUNTER
Win.1.FOR.0.FOR
FOR.SETCOUNTER
Win.1.FOR.0.FOR
FOR.SETCOUNTER
Win.1.FOR.0.FOR
FOR.SETCOUNTER
Win.1.FOR.0.FOR
FOR.SETCOUNTER
Win.1.FOR.0.FOR
FOR.SETCOUNTER
Win.1.FOR.0.FOR
FOR.SETCOUNTER
Win.1.FOR.0.FOR
FOR.SETCOUNTER
Win.1.FOR.0.FOR
FOR.SETCOUNTER
Win.1.FOR.0.FOR
FOR.SETCOUNTER
Win.1.FOR.0.FOR
FOR.SETCOUNTER
Win.1.FOR.0.FOR
Win.1.FOR
FOR.SETCOUNTER
FOR.SETCOUNTER
Win.1.FOR.0.FOR
FOR.SETCOUNTER
Win.1.FOR.0.FOR
FOR.SETCOUNTER
Win.1.FOR.0.FOR
FOR.SETCOUNTER
Win.1.FOR.0.FOR
FOR.SETCOUNTER
Win.1.FOR.0.FOR
FOR.SETCOUNTER
Win.1.FOR.0.FOR
FOR.SETCOUNTER
Win.1.FOR.0.FOR
FOR.SETCOUNTER
Win.1.FOR.0.FOR
FOR.SETCOUNTER
Win.1.FOR.0.FOR
FOR.SETCOUNTER
Win.1.FOR.0.FOR
FOR.SETCOUNTER
Win.1.FOR.0.FOR
FOR.SETCOUNTER
Win.1.FOR.0.FOR
Win.1.FOR
FOR.SETCOUNTER
FOR.SETCOUNTER
Win.1.FOR.0.FOR
FOR.SETCOUNTER
Win.1.FOR.0.FOR
FOR.SETCOUNTER
Win.1.FOR.0.FOR
FOR.SETCOUNTER
Win.1.FOR.0.FOR
FOR.SETCOUNTER
Win.1.FOR.0.FOR
FOR.SETCOUNTER
Win.1.FOR.0.FOR
FOR.SETCOUNTER
Win.1.FOR.0.FOR
FOR.SETCOUNTER
Win.1.FOR.0.FOR
FOR.SETCOUNTER
Win.1.FOR.0.FOR
FOR.SETCOUNTER
Win.1.FOR.0.FOR
FOR.SETCOUNTER
Win.1.FOR.0.FOR
FOR.SETCOUNTER
Win.1.FOR.0.FOR
Win.1.FOR
Win
CheckWin.12.IF.THEN
CheckWin.19.IF.ELSE
FOR.SETCOUNTER
CheckWin.20.FOR.6.IF.THEN.0.IF.THEN
CheckWin.20.FOR.6.IF.THEN
CheckWin.20.FOR
FOR.SETCOUNTER
CheckWin.20.FOR.6.IF.THEN.0.IF.THEN
CheckWin.20.FOR.6.IF.THEN
CheckWin.20.FOR
FOR.SETCOUNTER
CheckWin.20.FOR.6.IF.THEN.0.IF.THEN
CheckWin.20.FOR.6.IF.THEN
CheckWin.20.FOR
FOR.SETCOUNTER
CheckWin.20.FOR.6.IF.THEN.0.IF.THEN
CheckWin.20.FOR.6.IF.THEN
CheckWin.20.FOR
CheckWin.24.IF.THEN
FOR.SETCOUNTER
CheckWin.25.FOR.6.IF.THEN.0.IF.THEN
CheckWin.25.FOR.6.IF.THEN
CheckWin.25.FOR
FOR.SETCOUNTER
CheckWin.25.FOR.6.IF.THEN.0.IF.THEN
CheckWin.25.FOR.6.IF.THEN
CheckWin.25.FOR
FOR.SETCOUNTER
CheckWin.25.FOR.6.IF.THEN.0.IF.THEN
CheckWin.25.FOR.6.IF.THEN
CheckWin.25.FOR
FOR.SETCOUNTER
CheckWin.25.FOR.6.IF.THEN.0.IF.THEN
CheckWin.25.FOR.6.IF.THEN
CheckWin.25.FOR
FOR.SETCOUNTER
CheckWin.25.FOR.6.IF.THEN.0.IF.THEN
CheckWin.25.FOR.6.IF.THEN
CheckWin.25.FOR
FOR.SETCOUNTER
FOR.SETCOUNTER
Win.1.FOR.0.FOR
FOR.SETCOUNTER
Win.1.FOR.0.FOR
FOR.SETCOUNTER
Win.1.FOR.0.FOR
FOR.SETCOUNTER
Win.1.FOR.0.FOR
FOR.SETCOUNTER
Win.1.FOR.0.FOR
FOR.SETCOUNTER
Win.1.FOR.0.FOR
FOR.SETCOUNTER
Win.1.FOR.0.FOR
FOR.SETCOUNTER
Win.1.FOR.0.FOR
FOR.SETCOUNTER
Win.1.FOR.0.FOR
FOR.SETCOUNTER
Win.1.FOR.0.FOR
FOR.SETCOUNTER
Win.1.FOR.0.FOR
FOR.SETCOUNTER
Win.1.FOR.0.FOR
Win.1.FOR
FOR.SETCOUNTER
FOR.SETCOUNTER
Win.1.FOR.0.FOR
FOR.SETCOUNTER
Win.1.FOR.0.FOR
FOR.SETCOUNTER
Win.1.FOR.0.FOR
FOR.SETCOUNTER
Win.1.FOR.0.FOR
FOR.SETCOUNTER
Win.1.FOR.0.FOR
FOR.SETCOUNTER
Win.1.FOR.0.FOR
FOR.SETCOUNTER
Win.1.FOR.0.FOR
FOR.SETCOUNTER
Win.1.FOR.0.FOR
FOR.SETCOUNTER
Win.1.FOR.0.FOR
FOR.SETCOUNTER
Win.1.FOR.0.FOR
FOR.SETCOUNTER
Win.1.FOR.0.FOR
FOR.SETCOUNTER
Win.1.FOR.0.FOR
Win.1.FOR
FOR.SETCOUNTER
FOR.SETCOUNTER
Win.1.FOR.0.FOR
FOR.SETCOUNTER
Win.1.FOR.0.FOR
FOR.SETCOUNTER
Win.1.FOR.0.FOR
FOR.SETCOUNTER
Win.1.FOR.0.FOR
FOR.SETCOUNTER
Win.1.FOR.0.FOR
FOR.SETCOUNTER
Win.1.FOR.0.FOR
FOR.SETCOUNTER
Win.1.FOR.0.FOR
FOR.SETCOUNTER
Win.1.FOR.0.FOR
FOR.SETCOUNTER
Win.1.FOR.0.FOR
FOR.SETCOUNTER
Win.1.FOR.0.FOR
FOR.SETCOUNTER
Win.1.FOR.0.FOR
FOR.SETCOUNTER
Win.1.FOR.0.FOR
Win.1.FOR
FOR.SETCOUNTER
FOR.SETCOUNTER
Win.1.FOR.0.FOR
FOR.SETCOUNTER
Win.1.FOR.0.FOR
FOR.SETCOUNTER
Win.1.FOR.0.FOR
FOR.SETCOUNTER
Win.1.FOR.0.FOR
FOR.SETCOUNTER
Win.1.FOR.0.FOR
FOR.SETCOUNTER
Win.1.FOR.0.FOR
FOR.SETCOUNTER
Win.1.FOR.0.FOR
FOR.SETCOUNTER
Win.1.FOR.0.FOR
FOR.SETCOUNTER
Win.1.FOR.0.FOR
FOR.SETCOUNTER
Win.1.FOR.0.FOR
FOR.SETCOUNTER
Win.1.FOR.0.FOR
FOR.SETCOUNTER
Win.1.FOR.0.FOR
Win.1.FOR
FOR.SETCOUNTER
FOR.SETCOUNTER
Win.1.FOR.0.FOR
FOR.SETCOUNTER
Win.1.FOR.0.FOR
FOR.SETCOUNTER
Win.1.FOR.0.FOR
FOR.SETCOUNTER
Win.1.FOR.0.FOR
FOR.SETCOUNTER
Win.1.FOR.0.FOR
FOR.SETCOUNTER
Win.1.FOR.0.FOR
FOR.SETCOUNTER
Win.1.FOR.0.FOR
FOR.SETCOUNTER
Win.1.FOR.0.FOR
FOR.SETCOUNTER
Win.1.FOR.0.FOR
FOR.SETCOUNTER
Win.1.FOR.0.FOR
FOR.SETCOUNTER
Win.1.FOR.0.FOR
FOR.SETCOUNTER
Win.1.FOR.0.FOR
Win.1.FOR
FOR.SETCOUNTER
FOR.SETCOUNTER
Win.1.FOR.0.FOR
FOR.SETCOUNTER
Win.1.FOR.0.FOR
FOR.SETCOUNTER
Win.1.FOR.0.FOR
FOR.SETCOUNTER
Win.1.FOR.0.FOR
FOR.SETCOUNTER
Win.1.FOR.0.FOR
FOR.SETCOUNTER
Win.1.FOR.0.FOR
FOR.SETCOUNTER
Win.1.FOR.0.FOR
FOR.SETCOUNTER
Win.1.FOR.0.FOR
FOR.SETCOUNTER
Win.1.FOR.0.FOR
FOR.SETCOUNTER
Win.1.FOR.0.FOR
FOR.SETCOUNTER
Win.1.FOR.0.FOR
FOR.SETCOUNTER
Win.1.FOR.0.FOR
Win.1.FOR
FOR.SETCOUNTER
FOR.SETCOUNTER
Win.1.FOR.0.FOR
FOR.SETCOUNTER
Win.1.FOR.0.FOR
FOR.SETCOUNTER
Win.1.FOR.0.FOR
FOR.SETCOUNTER
Win.1.FOR.0.FOR
FOR.SETCOUNTER
Win.1.FOR.0.FOR
FOR.SETCOUNTER
Win.1.FOR.0.FOR
FOR.SETCOUNTER
Win.1.FOR.0.FOR
FOR.SETCOUNTER
Win.1.FOR.0.FOR
FOR.SETCOUNTER
Win.1.FOR.0.FOR
FOR.SETCOUNTER
Win.1.FOR.0.FOR
FOR.SETCOUNTER
Win.1.FOR.0.FOR
FOR.SETCOUNTER
Win.1.FOR.0.FOR
Win.1.FOR
FOR.SETCOUNTER
FOR.SETCOUNTER
Win.1.FOR.0.FOR
FOR.SETCOUNTER
Win.1.FOR.0.FOR
FOR.SETCOUNTER
Win.1.FOR.0.FOR
FOR.SETCOUNTER
Win.1.FOR.0.FOR
FOR.SETCOUNTER
Win.1.FOR.0.FOR
FOR.SETCOUNTER
Win.1.FOR.0.FOR
FOR.SETCOUNTER
Win.1.FOR.0.FOR
FOR.SETCOUNTER
Win.1.FOR.0.FOR
FOR.SETCOUNTER
Win.1.FOR.0.FOR
FOR.SETCOUNTER
Win.1.FOR.0.FOR
FOR.SETCOUNTER
Win.1.FOR.0.FOR
FOR.SETCOUNTER
Win.1.FOR.0.FOR
Win.1.FOR
FOR.SETCOUNTER
FOR.SETCOUNTER
Win.1.FOR.0.FOR
FOR.SETCOUNTER
Win.1.FOR.0.FOR
FOR.SETCOUNTER
Win.1.FOR.0.FOR
FOR.SETCOUNTER
Win.1.FOR.0.FOR
FOR.SETCOUNTER
Win.1.FOR.0.FOR
FOR.SETCOUNTER
Win.1.FOR.0.FOR
FOR.SETCOUNTER
Win.1.FOR.0.FOR
FOR.SETCOUNTER
Win.1.FOR.0.FOR
FOR.SETCOUNTER
Win.1.FOR.0.FOR
FOR.SETCOUNTER
Win.1.FOR.0.FOR
FOR.SETCOUNTER
Win.1.FOR.0.FOR
FOR.SETCOUNTER
Win.1.FOR.0.FOR
Win.1.FOR
FOR.SETCOUNTER
FOR.SETCOUNTER
Win.1.FOR.0.FOR
FOR.SETCOUNTER
Win.1.FOR.0.FOR
FOR.SETCOUNTER
Win.1.FOR.0.FOR
FOR.SETCOUNTER
Win.1.FOR.0.FOR
FOR.SETCOUNTER
Win.1.FOR.0.FOR
FOR.SETCOUNTER
Win.1.FOR.0.FOR
FOR.SETCOUNTER
Win.1.FOR.0.FOR
FOR.SETCOUNTER
Win.1.FOR.0.FOR
FOR.SETCOUNTER
Win.1.FOR.0.FOR
FOR.SETCOUNTER
Win.1.FOR.0.FOR
FOR.SETCOUNTER
Win.1.FOR.0.FOR
FOR.SETCOUNTER
Win.1.FOR.0.FOR
Win.1.FOR
FOR.SETCOUNTER
FOR.SETCOUNTER
Win.1.FOR.0.FOR
FOR.SETCOUNTER
Win.1.FOR.0.FOR
FOR.SETCOUNTER
Win.1.FOR.0.FOR
FOR.SETCOUNTER
Win.1.FOR.0.FOR
FOR.SETCOUNTER
Win.1.FOR.0.FOR
FOR.SETCOUNTER
Win.1.FOR.0.FOR
FOR.SETCOUNTER
Win.1.FOR.0.FOR
FOR.SETCOUNTER
Win.1.FOR.0.FOR
FOR.SETCOUNTER
Win.1.FOR.0.FOR
FOR.SETCOUNTER
Win.1.FOR.0.FOR
FOR.SETCOUNTER
Win.1.FOR.0.FOR
FOR.SETCOUNTER
Win.1.FOR.0.FOR
Win.1.FOR
FOR.SETCOUNTER
FOR.SETCOUNTER
Win.1.FOR.0.FOR
FOR.SETCOUNTER
Win.1.FOR.0.FOR
FOR.SETCOUNTER
Win.1.FOR.0.FOR
FOR.SETCOUNTER
Win.1.FOR.0.FOR
FOR.SETCOUNTER
Win.1.FOR.0.FOR
FOR.SETCOUNTER
Win.1.FOR.0.FOR
FOR.SETCOUNTER
Win.1.FOR.0.FOR
FOR.SETCOUNTER
Win.1.FOR.0.FOR
FOR.SETCOUNTER
Win.1.FOR.0.FOR
FOR.SETCOUNTER
Win.1.FOR.0.FOR
FOR.SETCOUNTER
Win.1.FOR.0.FOR
FOR.SETCOUNTER
Win.1.FOR.0.FOR
Win.1.FOR
Win
CheckWin.26.IF.THEN
CheckWin.32.IF.THEN
FOR.SETCOUNTER
CheckWin.33.FOR.6.IF.THEN.0.IF.THEN
CheckWin.33.FOR.6.IF.THEN
CheckWin.33.FOR
FOR.SETCOUNTER
CheckWin.33.FOR.6.IF.THEN.0.IF.THEN
CheckWin.33.FOR.6.IF.THEN
CheckWin.33.FOR
FOR.SETCOUNTER
CheckWin.33.FOR.6.IF.THEN.0.IF.THEN
CheckWin.33.FOR.6.IF.THEN
CheckWin.33.FOR
FOR.SETCOUNTER
CheckWin.33.FOR.6.IF.THEN.0.IF.THEN
CheckWin.33.FOR.6.IF.THEN
CheckWin.33.FOR
FOR.SETCOUNTER
CheckWin.33.FOR.6.IF.THEN.0.IF.THEN
CheckWin.33.FOR.6.IF.THEN
CheckWin.33.FOR
FOR.SETCOUNTER
CheckWin.33.FOR.6.IF.THEN.0.IF.THEN
CheckWin.33.FOR.6.IF.THEN
CheckWin.33.FOR
FOR.SETCOUNTER
CheckWin.33.FOR.6.IF.THEN.0.IF.THEN
CheckWin.33.FOR.6.IF.THEN
CheckWin.33.FOR
CheckWin.38.IF.ELSE
FOR.SETCOUNTER
CheckWin.39.FOR.6.IF.THEN.0.IF.THEN
CheckWin.39.FOR.6.IF.THEN
CheckWin.39.FOR
FOR.SETCOUNTER
CheckWin.39.FOR.6.IF.THEN.0.IF.THEN
CheckWin.39.FOR.6.IF.THEN
CheckWin.39.FOR
FOR.SETCOUNTER
CheckWin.39.FOR.6.IF.THEN.0.IF.THEN
CheckWin.39.FOR.6.IF.THEN
CheckWin.39.FOR
FOR.SETCOUNTER
CheckWin.39.FOR.6.IF.THEN.0.IF.THEN
CheckWin.39.FOR.6.IF.THEN
CheckWin.39.FOR
FOR.SETCOUNTER
FOR.SETCOUNTER
Win.1.FOR.0.FOR
FOR.SETCOUNTER
Win.1.FOR.0.FOR
FOR.SETCOUNTER
Win.1.FOR.0.FOR
FOR.SETCOUNTER
Win.1.FOR.0.FOR
FOR.SETCOUNTER
Win.1.FOR.0.FOR
FOR.SETCOUNTER
Win.1.FOR.0.FOR
FOR.SETCOUNTER
Win.1.FOR.0.FOR
FOR.SETCOUNTER
Win.1.FOR.0.FOR
FOR.SETCOUNTER
Win.1.FOR.0.FOR
FOR.SETCOUNTER
Win.1.FOR.0.FOR
FOR.SETCOUNTER
Win.1.FOR.0.FOR
FOR.SETCOUNTER
Win.1.FOR.0.FOR
Win.1.FOR
FOR.SETCOUNTER
FOR.SETCOUNTER
Win.1.FOR.0.FOR
FOR.SETCOUNTER
Win.1.FOR.0.FOR
FOR.SETCOUNTER
Win.1.FOR.0.FOR
FOR.SETCOUNTER
Win.1.FOR.0.FOR
FOR.SETCOUNTER
Win.1.FOR.0.FOR
FOR.SETCOUNTER
Win.1.FOR.0.FOR
FOR.SETCOUNTER
Win.1.FOR.0.FOR
FOR.SETCOUNTER
Win.1.FOR.0.FOR
FOR.SETCOUNTER
Win.1.FOR.0.FOR
FOR.SETCOUNTER
Win.1.FOR.0.FOR
FOR.SETCOUNTER
Win.1.FOR.0.FOR
FOR.SETCOUNTER
Win.1.FOR.0.FOR
Win.1.FOR
FOR.SETCOUNTER
FOR.SETCOUNTER
Win.1.FOR.0.FOR
FOR.SETCOUNTER
Win.1.FOR.0.FOR
FOR.SETCOUNTER
Win.1.FOR.0.FOR
FOR.SETCOUNTER
Win.1.FOR.0.FOR
FOR.SETCOUNTER
Win.1.FOR.0.FOR
FOR.SETCOUNTER
Win.1.FOR.0.FOR
FOR.SETCOUNTER
Win.1.FOR.0.FOR
FOR.SETCOUNTER
Win.1.FOR.0.FOR
FOR.SETCOUNTER
Win.1.FOR.0.FOR
FOR.SETCOUNTER
Win.1.FOR.0.FOR
FOR.SETCOUNTER
Win.1.FOR.0.FOR
FOR.SETCOUNTER
Win.1.FOR.0.FOR
Win.1.FOR
FOR.SETCOUNTER
FOR.SETCOUNTER
Win.1.FOR.0.FOR
FOR.SETCOUNTER
Win.1.FOR.0.FOR
FOR.SETCOUNTER
Win.1.FOR.0.FOR
FOR.SETCOUNTER
Win.1.FOR.0.FOR
FOR.SETCOUNTER
Win.1.FOR.0.FOR
FOR.SETCOUNTER
Win.1.FOR.0.FOR
FOR.SETCOUNTER
Win.1.FOR.0.FOR
FOR.SETCOUNTER
Win.1.FOR.0.FOR
FOR.SETCOUNTER
Win.1.FOR.0.FOR
FOR.SETCOUNTER
Win.1.FOR.0.FOR
FOR.SETCOUNTER
Win.1.FOR.0.FOR
FOR.SETCOUNTER
Win.1.FOR.0.FOR
Win.1.FOR
FOR.SETCOUNTER
FOR.SETCOUNTER
Win.1.FOR.0.FOR
FOR.SETCOUNTER
Win.1.FOR.0.FOR
FOR.SETCOUNTER
Win.1.FOR.0.FOR
FOR.SETCOUNTER
Win.1.FOR.0.FOR
FOR.SETCOUNTER
Win.1.FOR.0.FOR
FOR.SETCOUNTER
Win.1.FOR.0.FOR
FOR.SETCOUNTER
Win.1.FOR.0.FOR
FOR.SETCOUNTER
Win.1.FOR.0.FOR
FOR.SETCOUNTER
Win.1.FOR.0.FOR
FOR.SETCOUNTER
Win.1.FOR.0.FOR
FOR.SETCOUNTER
Win.1.FOR.0.FOR
FOR.SETCOUNTER
Win.1.FOR.0.FOR
Win.1.FOR
FOR.SETCOUNTER
FOR.SETCOUNTER
Win.1.FOR.0.FOR
FOR.SETCOUNTER
Win.1.FOR.0.FOR
FOR.SETCOUNTER
Win.1.FOR.0.FOR
FOR.SETCOUNTER
Win.1.FOR.0.FOR
FOR.SETCOUNTER
Win.1.FOR.0.FOR
FOR.SETCOUNTER
Win.1.FOR.0.FOR
FOR.SETCOUNTER
Win.1.FOR.0.FOR
FOR.SETCOUNTER
Win.1.FOR.0.FOR
FOR.SETCOUNTER
Win.1.FOR.0.FOR
FOR.SETCOUNTER
Win.1.FOR.0.FOR
FOR.SETCOUNTER
Win.1.FOR.0.FOR
FOR.SETCOUNTER
Win.1.FOR.0.FOR
Win.1.FOR
FOR.SETCOUNTER
FOR.SETCOUNTER
Win.1.FOR.0.FOR
FOR.SETCOUNTER
Win.1.FOR.0.FOR
FOR.SETCOUNTER
Win.1.FOR.0.FOR
FOR.SETCOUNTER
Win.1.FOR.0.FOR
FOR.SETCOUNTER
Win.1.FOR.0.FOR
FOR.SETCOUNTER
Win.1.FOR.0.FOR
FOR.SETCOUNTER
Win.1.FOR.0.FOR
FOR.SETCOUNTER
Win.1.FOR.0.FOR
FOR.SETCOUNTER
Win.1.FOR.0.FOR
FOR.SETCOUNTER
Win.1.FOR.0.FOR
FOR.SETCOUNTER
Win.1.FOR.0.FOR
FOR.SETCOUNTER
Win.1.FOR.0.FOR
Win.1.FOR
FOR.SETCOUNTER
FOR.SETCOUNTER
Win.1.FOR.0.FOR
FOR.SETCOUNTER
Win.1.FOR.0.FOR
FOR.SETCOUNTER
Win.1.FOR.0.FOR
FOR.SETCOUNTER
Win.1.FOR.0.FOR
FOR.SETCOUNTER
Win.1.FOR.0.FOR
FOR.SETCOUNTER
Win.1.FOR.0.FOR
FOR.SETCOUNTER
Win.1.FOR.0.FOR
FOR.SETCOUNTER
Win.1.FOR.0.FOR
FOR.SETCOUNTER
Win.1.FOR.0.FOR
FOR.SETCOUNTER
Win.1.FOR.0.FOR
FOR.SETCOUNTER
Win.1.FOR.0.FOR
FOR.SETCOUNTER
Win.1.FOR.0.FOR
Win.1.FOR
FOR.SETCOUNTER
FOR.SETCOUNTER
Win.1.FOR.0.FOR
FOR.SETCOUNTER
Win.1.FOR.0.FOR
FOR.SETCOUNTER
Win.1.FOR.0.FOR
FOR.SETCOUNTER
Win.1.FOR.0.FOR
FOR.SETCOUNTER
Win.1.FOR.0.FOR
FOR.SETCOUNTER
Win.1.FOR.0.FOR
FOR.SETCOUNTER
Win.1.FOR.0.FOR
FOR.SETCOUNTER
Win.1.FOR.0.FOR
FOR.SETCOUNTER
Win.1.FOR.0.FOR
FOR.SETCOUNTER
Win.1.FOR.0.FOR
FOR.SETCOUNTER
Win.1.FOR.0.FOR
FOR.SETCOUNTER
Win.1.FOR.0.FOR
Win.1.FOR
FOR.SETCOUNTER
FOR.SETCOUNTER
Win.1.FOR.0.FOR
FOR.SETCOUNTER
Win.1.FOR.0.FOR
FOR.SETCOUNTER
Win.1.FOR.0.FOR
FOR.SETCOUNTER
Win.1.FOR.0.FOR
FOR.SETCOUNTER
Win.1.FOR.0.FOR
FOR.SETCOUNTER
Win.1.FOR.0.FOR
FOR.SETCOUNTER
Win.1.FOR.0.FOR
FOR.SETCOUNTER
Win.1.FOR.0.FOR
FOR.SETCOUNTER
Win.1.FOR.0.FOR
FOR.SETCOUNTER
Win.1.FOR.0.FOR
FOR.SETCOUNTER
Win.1.FOR.0.FOR
FOR.SETCOUNTER
Win.1.FOR.0.FOR
Win.1.FOR
FOR.SETCOUNTER
FOR.SETCOUNTER
Win.1.FOR.0.FOR
FOR.SETCOUNTER
Win.1.FOR.0.FOR
FOR.SETCOUNTER
Win.1.FOR.0.FOR
FOR.SETCOUNTER
Win.1.FOR.0.FOR
FOR.SETCOUNTER
Win.1.FOR.0.FOR
FOR.SETCOUNTER
Win.1.FOR.0.FOR
FOR.SETCOUNTER
Win.1.FOR.0.FOR
FOR.SETCOUNTER
Win.1.FOR.0.FOR
FOR.SETCOUNTER
Win.1.FOR.0.FOR
FOR.SETCOUNTER
Win.1.FOR.0.FOR
FOR.SETCOUNTER
Win.1.FOR.0.FOR
FOR.SETCOUNTER
Win.1.FOR.0.FOR
Win.1.FOR
FOR.SETCOUNTER
FOR.SETCOUNTER
Win.1.FOR.0.FOR
FOR.SETCOUNTER
Win.1.FOR.0.FOR
FOR.SETCOUNTER
Win.1.FOR.0.FOR
FOR.SETCOUNTER
Win.1.FOR.0.FOR
FOR.SETCOUNTER
Win.1.FOR.0.FOR
FOR.SETCOUNTER
Win.1.FOR.0.FOR
FOR.SETCOUNTER
Win.1.FOR.0.FOR
FOR.SETCOUNTER
Win.1.FOR.0.FOR
FOR.SETCOUNTER
Win.1.FOR.0.FOR
FOR.SETCOUNTER
Win.1.FOR.0.FOR
FOR.SETCOUNTER
Win.1.FOR.0.FOR
FOR.SETCOUNTER
Win.1.FOR.0.FOR
Win.1.FOR
Win
CheckWin.41.IF.THEN
CheckWin
SetBlock.1.IF.THEN
SetBlock
MousePressed.0.IF.THEN
MousePressed
